{"/workspaces/TWO/src/main/WalletManager.ts": {"path":"/workspaces/TWO/src/main/WalletManager.ts","statementMap":{"0":{"start":{"line":1,"column":0},"end":{"line":1,"column":31}},"1":{"start":{"line":2,"column":0},"end":{"line":2,"column":52}},"2":{"start":{"line":3,"column":0},"end":{"line":3,"column":35}},"3":{"start":{"line":4,"column":0},"end":{"line":4,"column":30}},"4":{"start":{"line":5,"column":0},"end":{"line":5,"column":56}},"5":{"start":{"line":6,"column":0},"end":{"line":6,"column":50}},"6":{"start":{"line":7,"column":0},"end":{"line":7,"column":56}},"7":{"start":{"line":8,"column":0},"end":{"line":8,"column":59}},"8":{"start":{"line":51,"column":10},"end":{"line":51,"column":null}},"9":{"start":{"line":59,"column":4},"end":{"line":61,"column":5}},"10":{"start":{"line":60,"column":6},"end":{"line":60,"column":null}},"11":{"start":{"line":64,"column":4},"end":{"line":66,"column":5}},"12":{"start":{"line":65,"column":6},"end":{"line":65,"column":null}},"13":{"start":{"line":68,"column":4},"end":{"line":68,"column":null}},"14":{"start":{"line":77,"column":4},"end":{"line":77,"column":null}},"15":{"start":{"line":77,"column":30},"end":{"line":77,"column":null}},"16":{"start":{"line":78,"column":4},"end":{"line":78,"column":null}},"17":{"start":{"line":78,"column":33},"end":{"line":78,"column":null}},"18":{"start":{"line":79,"column":4},"end":{"line":79,"column":null}},"19":{"start":{"line":79,"column":33},"end":{"line":79,"column":null}},"20":{"start":{"line":80,"column":4},"end":{"line":80,"column":null}},"21":{"start":{"line":80,"column":33},"end":{"line":80,"column":null}},"22":{"start":{"line":81,"column":4},"end":{"line":81,"column":null}},"23":{"start":{"line":81,"column":40},"end":{"line":81,"column":null}},"24":{"start":{"line":82,"column":4},"end":{"line":82,"column":null}},"25":{"start":{"line":92,"column":4},"end":{"line":136,"column":5}},"26":{"start":{"line":94,"column":17},"end":{"line":94,"column":25}},"27":{"start":{"line":99,"column":6},"end":{"line":116,"column":7}},"28":{"start":{"line":101,"column":23},"end":{"line":101,"column":51}},"29":{"start":{"line":102,"column":8},"end":{"line":102,"column":null}},"30":{"start":{"line":103,"column":8},"end":{"line":103,"column":null}},"31":{"start":{"line":105,"column":8},"end":{"line":105,"column":null}},"32":{"start":{"line":106,"column":13},"end":{"line":116,"column":7}},"33":{"start":{"line":108,"column":24},"end":{"line":108,"column":42}},"34":{"start":{"line":109,"column":8},"end":{"line":109,"column":null}},"35":{"start":{"line":111,"column":8},"end":{"line":111,"column":null}},"36":{"start":{"line":113,"column":8},"end":{"line":113,"column":null}},"37":{"start":{"line":115,"column":8},"end":{"line":115,"column":null}},"38":{"start":{"line":119,"column":28},"end":{"line":119,"column":62}},"39":{"start":{"line":122,"column":23},"end":{"line":122,"column":48}},"40":{"start":{"line":125,"column":6},"end":{"line":132,"column":null}},"41":{"start":{"line":134,"column":6},"end":{"line":134,"column":null}},"42":{"start":{"line":135,"column":6},"end":{"line":135,"column":null}},"43":{"start":{"line":151,"column":44},"end":{"line":151,"column":46}},"44":{"start":{"line":153,"column":4},"end":{"line":156,"column":5}},"45":{"start":{"line":153,"column":17},"end":{"line":153,"column":18}},"46":{"start":{"line":154,"column":21},"end":{"line":154,"column":75}},"47":{"start":{"line":155,"column":6},"end":{"line":155,"column":null}},"48":{"start":{"line":158,"column":4},"end":{"line":158,"column":null}},"49":{"start":{"line":159,"column":4},"end":{"line":159,"column":null}},"50":{"start":{"line":178,"column":4},"end":{"line":215,"column":5}},"51":{"start":{"line":180,"column":17},"end":{"line":180,"column":25}},"52":{"start":{"line":185,"column":6},"end":{"line":197,"column":7}},"53":{"start":{"line":187,"column":23},"end":{"line":187,"column":75}},"54":{"start":{"line":188,"column":8},"end":{"line":188,"column":null}},"55":{"start":{"line":189,"column":8},"end":{"line":189,"column":null}},"56":{"start":{"line":190,"column":13},"end":{"line":197,"column":7}},"57":{"start":{"line":192,"column":23},"end":{"line":192,"column":89}},"58":{"start":{"line":193,"column":8},"end":{"line":193,"column":null}},"59":{"start":{"line":194,"column":8},"end":{"line":194,"column":null}},"60":{"start":{"line":196,"column":8},"end":{"line":196,"column":null}},"61":{"start":{"line":200,"column":28},"end":{"line":200,"column":62}},"62":{"start":{"line":202,"column":6},"end":{"line":202,"column":null}},"63":{"start":{"line":204,"column":6},"end":{"line":211,"column":null}},"64":{"start":{"line":213,"column":6},"end":{"line":213,"column":null}},"65":{"start":{"line":214,"column":6},"end":{"line":214,"column":null}},"66":{"start":{"line":228,"column":4},"end":{"line":240,"column":5}},"67":{"start":{"line":229,"column":6},"end":{"line":237,"column":7}},"68":{"start":{"line":231,"column":8},"end":{"line":231,"column":null}},"69":{"start":{"line":232,"column":13},"end":{"line":237,"column":7}},"70":{"start":{"line":234,"column":8},"end":{"line":234,"column":null}},"71":{"start":{"line":236,"column":8},"end":{"line":236,"column":null}},"72":{"start":{"line":239,"column":6},"end":{"line":239,"column":null}},"73":{"start":{"line":249,"column":4},"end":{"line":280,"column":5}},"74":{"start":{"line":251,"column":21},"end":{"line":251,"column":38}},"75":{"start":{"line":254,"column":6},"end":{"line":256,"column":7}},"76":{"start":{"line":255,"column":8},"end":{"line":255,"column":null}},"77":{"start":{"line":259,"column":6},"end":{"line":261,"column":7}},"78":{"start":{"line":260,"column":8},"end":{"line":260,"column":null}},"79":{"start":{"line":264,"column":6},"end":{"line":266,"column":7}},"80":{"start":{"line":265,"column":8},"end":{"line":265,"column":null}},"81":{"start":{"line":269,"column":21},"end":{"line":269,"column":48}},"82":{"start":{"line":271,"column":6},"end":{"line":274,"column":null}},"83":{"start":{"line":276,"column":6},"end":{"line":278,"column":7}},"84":{"start":{"line":277,"column":8},"end":{"line":277,"column":null}},"85":{"start":{"line":279,"column":6},"end":{"line":279,"column":null}},"86":{"start":{"line":289,"column":4},"end":{"line":327,"column":5}},"87":{"start":{"line":293,"column":6},"end":{"line":308,"column":7}},"88":{"start":{"line":295,"column":8},"end":{"line":295,"column":null}},"89":{"start":{"line":297,"column":8},"end":{"line":307,"column":9}},"90":{"start":{"line":299,"column":25},"end":{"line":299,"column":47}},"91":{"start":{"line":300,"column":10},"end":{"line":304,"column":11}},"92":{"start":{"line":301,"column":12},"end":{"line":301,"column":null}},"93":{"start":{"line":303,"column":12},"end":{"line":303,"column":null}},"94":{"start":{"line":306,"column":10},"end":{"line":306,"column":null}},"95":{"start":{"line":311,"column":6},"end":{"line":313,"column":7}},"96":{"start":{"line":312,"column":8},"end":{"line":312,"column":null}},"97":{"start":{"line":316,"column":22},"end":{"line":316,"column":54}},"98":{"start":{"line":318,"column":6},"end":{"line":321,"column":null}},"99":{"start":{"line":323,"column":6},"end":{"line":325,"column":7}},"100":{"start":{"line":324,"column":8},"end":{"line":324,"column":null}},"101":{"start":{"line":326,"column":6},"end":{"line":326,"column":null}},"102":{"start":{"line":342,"column":4},"end":{"line":359,"column":5}},"103":{"start":{"line":344,"column":28},"end":{"line":344,"column":57}},"104":{"start":{"line":346,"column":6},"end":{"line":348,"column":7}},"105":{"start":{"line":347,"column":8},"end":{"line":347,"column":null}},"106":{"start":{"line":350,"column":6},"end":{"line":356,"column":7}},"107":{"start":{"line":351,"column":8},"end":{"line":351,"column":null}},"108":{"start":{"line":352,"column":13},"end":{"line":356,"column":7}},"109":{"start":{"line":353,"column":8},"end":{"line":353,"column":null}},"110":{"start":{"line":355,"column":8},"end":{"line":355,"column":null}},"111":{"start":{"line":358,"column":6},"end":{"line":358,"column":null}},"112":{"start":{"line":372,"column":4},"end":{"line":385,"column":5}},"113":{"start":{"line":374,"column":19},"end":{"line":374,"column":55}},"114":{"start":{"line":377,"column":21},"end":{"line":377,"column":78}},"115":{"start":{"line":379,"column":6},"end":{"line":382,"column":null}},"116":{"start":{"line":384,"column":6},"end":{"line":384,"column":null}},"117":{"start":{"line":398,"column":4},"end":{"line":424,"column":5}},"118":{"start":{"line":400,"column":19},"end":{"line":400,"column":55}},"119":{"start":{"line":403,"column":19},"end":{"line":403,"column":53}},"120":{"start":{"line":406,"column":21},"end":{"line":406,"column":55}},"121":{"start":{"line":407,"column":22},"end":{"line":407,"column":45}},"122":{"start":{"line":411,"column":30},"end":{"line":411,"column":77}},"123":{"start":{"line":415,"column":21},"end":{"line":415,"column":49}},"124":{"start":{"line":416,"column":22},"end":{"line":416,"column":46}},"125":{"start":{"line":418,"column":6},"end":{"line":421,"column":null}},"126":{"start":{"line":423,"column":6},"end":{"line":423,"column":null}},"127":{"start":{"line":433,"column":4},"end":{"line":438,"column":5}},"128":{"start":{"line":434,"column":23},"end":{"line":434,"column":101}},"129":{"start":{"line":435,"column":6},"end":{"line":435,"column":null}},"130":{"start":{"line":437,"column":6},"end":{"line":437,"column":null}},"131":{"start":{"line":447,"column":4},"end":{"line":452,"column":5}},"132":{"start":{"line":448,"column":28},"end":{"line":448,"column":57}},"133":{"start":{"line":449,"column":6},"end":{"line":449,"column":null}},"134":{"start":{"line":451,"column":6},"end":{"line":451,"column":null}},"135":{"start":{"line":461,"column":4},"end":{"line":467,"column":5}},"136":{"start":{"line":463,"column":6},"end":{"line":463,"column":null}},"137":{"start":{"line":465,"column":6},"end":{"line":465,"column":null}},"138":{"start":{"line":466,"column":6},"end":{"line":466,"column":null}},"139":{"start":{"line":476,"column":4},"end":{"line":482,"column":5}},"140":{"start":{"line":478,"column":6},"end":{"line":478,"column":null}},"141":{"start":{"line":480,"column":6},"end":{"line":480,"column":null}},"142":{"start":{"line":481,"column":6},"end":{"line":481,"column":null}},"143":{"start":{"line":491,"column":4},"end":{"line":496,"column":5}},"144":{"start":{"line":492,"column":21},"end":{"line":492,"column":50}},"145":{"start":{"line":493,"column":6},"end":{"line":493,"column":null}},"146":{"start":{"line":495,"column":6},"end":{"line":495,"column":null}},"147":{"start":{"line":505,"column":4},"end":{"line":511,"column":5}},"148":{"start":{"line":506,"column":24},"end":{"line":506,"column":63}},"149":{"start":{"line":507,"column":22},"end":{"line":507,"column":70}},"150":{"start":{"line":508,"column":6},"end":{"line":508,"column":null}},"151":{"start":{"line":510,"column":6},"end":{"line":510,"column":null}},"152":{"start":{"line":521,"column":4},"end":{"line":554,"column":5}},"153":{"start":{"line":522,"column":6},"end":{"line":524,"column":7}},"154":{"start":{"line":523,"column":8},"end":{"line":523,"column":null}},"155":{"start":{"line":526,"column":6},"end":{"line":550,"column":7}},"156":{"start":{"line":528,"column":8},"end":{"line":530,"column":9}},"157":{"start":{"line":529,"column":10},"end":{"line":529,"column":null}},"158":{"start":{"line":532,"column":8},"end":{"line":532,"column":null}},"159":{"start":{"line":533,"column":13},"end":{"line":550,"column":7}},"160":{"start":{"line":535,"column":8},"end":{"line":538,"column":9}},"161":{"start":{"line":537,"column":10},"end":{"line":537,"column":null}},"162":{"start":{"line":540,"column":8},"end":{"line":542,"column":9}},"163":{"start":{"line":541,"column":10},"end":{"line":541,"column":null}},"164":{"start":{"line":544,"column":8},"end":{"line":549,"column":9}},"165":{"start":{"line":545,"column":10},"end":{"line":545,"column":null}},"166":{"start":{"line":546,"column":10},"end":{"line":546,"column":null}},"167":{"start":{"line":548,"column":10},"end":{"line":548,"column":null}},"168":{"start":{"line":551,"column":6},"end":{"line":551,"column":null}},"169":{"start":{"line":553,"column":6},"end":{"line":553,"column":null}},"170":{"start":{"line":563,"column":4},"end":{"line":568,"column":null}},"171":{"start":{"line":578,"column":4},"end":{"line":623,"column":5}},"172":{"start":{"line":580,"column":6},"end":{"line":582,"column":7}},"173":{"start":{"line":581,"column":8},"end":{"line":581,"column":null}},"174":{"start":{"line":587,"column":6},"end":{"line":619,"column":7}},"175":{"start":{"line":589,"column":8},"end":{"line":589,"column":null}},"176":{"start":{"line":590,"column":8},"end":{"line":590,"column":null}},"177":{"start":{"line":595,"column":8},"end":{"line":601,"column":null}},"178":{"start":{"line":602,"column":13},"end":{"line":619,"column":7}},"179":{"start":{"line":604,"column":8},"end":{"line":604,"column":null}},"180":{"start":{"line":605,"column":8},"end":{"line":605,"column":null}},"181":{"start":{"line":610,"column":8},"end":{"line":616,"column":null}},"182":{"start":{"line":618,"column":8},"end":{"line":618,"column":null}},"183":{"start":{"line":621,"column":6},"end":{"line":621,"column":null}},"184":{"start":{"line":622,"column":6},"end":{"line":622,"column":null}},"185":{"start":{"line":636,"column":4},"end":{"line":684,"column":5}},"186":{"start":{"line":637,"column":39},"end":{"line":637,"column":41}},"187":{"start":{"line":638,"column":41},"end":{"line":638,"column":43}},"188":{"start":{"line":640,"column":6},"end":{"line":675,"column":7}},"189":{"start":{"line":642,"column":24},"end":{"line":657,"column":12}},"190":{"start":{"line":643,"column":10},"end":{"line":656,"column":11}},"191":{"start":{"line":644,"column":28},"end":{"line":644,"column":81}},"192":{"start":{"line":645,"column":12},"end":{"line":645,"column":null}},"193":{"start":{"line":647,"column":12},"end":{"line":647,"column":null}},"194":{"start":{"line":649,"column":12},"end":{"line":655,"column":null}},"195":{"start":{"line":659,"column":8},"end":{"line":659,"column":null}},"196":{"start":{"line":662,"column":8},"end":{"line":674,"column":9}},"197":{"start":{"line":663,"column":10},"end":{"line":663,"column":null}},"198":{"start":{"line":665,"column":28},"end":{"line":669,"column":12}},"199":{"start":{"line":666,"column":12},"end":{"line":668,"column":null}},"200":{"start":{"line":667,"column":21},"end":{"line":667,"column":38}},"201":{"start":{"line":670,"column":10},"end":{"line":673,"column":null}},"202":{"start":{"line":671,"column":26},"end":{"line":671,"column":46}},"203":{"start":{"line":672,"column":12},"end":{"line":672,"column":null}},"204":{"start":{"line":672,"column":28},"end":{"line":672,"column":null}},"205":{"start":{"line":678,"column":6},"end":{"line":678,"column":null}},"206":{"start":{"line":680,"column":6},"end":{"line":680,"column":null}},"207":{"start":{"line":682,"column":6},"end":{"line":682,"column":null}},"208":{"start":{"line":683,"column":6},"end":{"line":683,"column":null}},"209":{"start":{"line":694,"column":4},"end":{"line":704,"column":5}},"210":{"start":{"line":695,"column":18},"end":{"line":695,"column":37}},"211":{"start":{"line":696,"column":6},"end":{"line":698,"column":7}},"212":{"start":{"line":697,"column":8},"end":{"line":697,"column":null}},"213":{"start":{"line":701,"column":6},"end":{"line":701,"column":null}},"214":{"start":{"line":703,"column":6},"end":{"line":703,"column":null}},"215":{"start":{"line":50,"column":0},"end":{"line":50,"column":13}}},"fnMap":{"0":{"name":"(anonymous_9)","decl":{"start":{"line":57,"column":2},"end":{"line":57,"column":14}},"loc":{"start":{"line":57,"column":40},"end":{"line":69,"column":3}}},"1":{"name":"(anonymous_10)","decl":{"start":{"line":76,"column":10},"end":{"line":76,"column":34}},"loc":{"start":{"line":76,"column":51},"end":{"line":83,"column":3}}},"2":{"name":"(anonymous_11)","decl":{"start":{"line":91,"column":2},"end":{"line":91,"column":7}},"loc":{"start":{"line":91,"column":60},"end":{"line":137,"column":3}}},"3":{"name":"(anonymous_12)","decl":{"start":{"line":146,"column":2},"end":{"line":146,"column":7}},"loc":{"start":{"line":149,"column":29},"end":{"line":160,"column":3}}},"4":{"name":"(anonymous_13)","decl":{"start":{"line":171,"column":2},"end":{"line":171,"column":7}},"loc":{"start":{"line":176,"column":27},"end":{"line":216,"column":3}}},"5":{"name":"(anonymous_14)","decl":{"start":{"line":224,"column":10},"end":{"line":224,"column":15}},"loc":{"start":{"line":226,"column":22},"end":{"line":241,"column":3}}},"6":{"name":"(anonymous_15)","decl":{"start":{"line":248,"column":10},"end":{"line":248,"column":29}},"loc":{"start":{"line":248,"column":48},"end":{"line":281,"column":3}}},"7":{"name":"(anonymous_16)","decl":{"start":{"line":288,"column":10},"end":{"line":288,"column":32}},"loc":{"start":{"line":288,"column":51},"end":{"line":328,"column":3}}},"8":{"name":"(anonymous_17)","decl":{"start":{"line":337,"column":10},"end":{"line":337,"column":15}},"loc":{"start":{"line":340,"column":27},"end":{"line":360,"column":3}}},"9":{"name":"(anonymous_18)","decl":{"start":{"line":368,"column":10},"end":{"line":368,"column":31}},"loc":{"start":{"line":370,"column":27},"end":{"line":386,"column":3}}},"10":{"name":"(anonymous_19)","decl":{"start":{"line":394,"column":10},"end":{"line":394,"column":34}},"loc":{"start":{"line":396,"column":27},"end":{"line":425,"column":3}}},"11":{"name":"(anonymous_20)","decl":{"start":{"line":432,"column":2},"end":{"line":432,"column":18}},"loc":{"start":{"line":432,"column":42},"end":{"line":439,"column":3}}},"12":{"name":"(anonymous_21)","decl":{"start":{"line":446,"column":2},"end":{"line":446,"column":18}},"loc":{"start":{"line":446,"column":35},"end":{"line":453,"column":3}}},"13":{"name":"(anonymous_22)","decl":{"start":{"line":460,"column":10},"end":{"line":460,"column":27}},"loc":{"start":{"line":460,"column":46},"end":{"line":468,"column":3}}},"14":{"name":"(anonymous_23)","decl":{"start":{"line":475,"column":2},"end":{"line":475,"column":19}},"loc":{"start":{"line":475,"column":40},"end":{"line":483,"column":3}}},"15":{"name":"(anonymous_24)","decl":{"start":{"line":490,"column":2},"end":{"line":490,"column":18}},"loc":{"start":{"line":490,"column":37},"end":{"line":497,"column":3}}},"16":{"name":"(anonymous_25)","decl":{"start":{"line":504,"column":2},"end":{"line":504,"column":21}},"loc":{"start":{"line":504,"column":46},"end":{"line":512,"column":3}}},"17":{"name":"(anonymous_26)","decl":{"start":{"line":520,"column":2},"end":{"line":520,"column":17}},"loc":{"start":{"line":520,"column":60},"end":{"line":555,"column":3}}},"18":{"name":"(anonymous_27)","decl":{"start":{"line":562,"column":2},"end":{"line":562,"column":23}},"loc":{"start":{"line":562,"column":52},"end":{"line":569,"column":3}}},"19":{"name":"(anonymous_28)","decl":{"start":{"line":577,"column":2},"end":{"line":577,"column":7}},"loc":{"start":{"line":577,"column":61},"end":{"line":624,"column":3}}},"20":{"name":"(anonymous_29)","decl":{"start":{"line":632,"column":2},"end":{"line":632,"column":7}},"loc":{"start":{"line":634,"column":53},"end":{"line":685,"column":3}}},"21":{"name":"(anonymous_30)","decl":{"start":{"line":642,"column":25},"end":{"line":642,"column":30}},"loc":{"start":{"line":642,"column":36},"end":{"line":657,"column":9}}},"22":{"name":"(anonymous_31)","decl":{"start":{"line":665,"column":45},"end":{"line":665,"column":46}},"loc":{"start":{"line":665,"column":49},"end":{"line":669,"column":11}}},"23":{"name":"(anonymous_32)","decl":{"start":{"line":667,"column":14},"end":{"line":667,"column":17}},"loc":{"start":{"line":667,"column":21},"end":{"line":667,"column":38}}},"24":{"name":"(anonymous_33)","decl":{"start":{"line":670,"column":28},"end":{"line":670,"column":29}},"loc":{"start":{"line":670,"column":32},"end":{"line":673,"column":11}}},"25":{"name":"(anonymous_34)","decl":{"start":{"line":693,"column":2},"end":{"line":693,"column":15}},"loc":{"start":{"line":693,"column":83},"end":{"line":705,"column":3}}}},"branchMap":{"0":{"loc":{"start":{"line":59,"column":4},"end":{"line":61,"column":5}},"type":"if","locations":[{"start":{"line":59,"column":4},"end":{"line":61,"column":5}}]},"1":{"loc":{"start":{"line":59,"column":8},"end":{"line":59,"column":63}},"type":"binary-expr","locations":[{"start":{"line":59,"column":8},"end":{"line":59,"column":27}},{"start":{"line":59,"column":31},"end":{"line":59,"column":63}}]},"2":{"loc":{"start":{"line":64,"column":4},"end":{"line":66,"column":5}},"type":"if","locations":[{"start":{"line":64,"column":4},"end":{"line":66,"column":5}}]},"3":{"loc":{"start":{"line":77,"column":4},"end":{"line":77,"column":null}},"type":"if","locations":[{"start":{"line":77,"column":4},"end":{"line":77,"column":null}}]},"4":{"loc":{"start":{"line":78,"column":4},"end":{"line":78,"column":null}},"type":"if","locations":[{"start":{"line":78,"column":4},"end":{"line":78,"column":null}}]},"5":{"loc":{"start":{"line":79,"column":4},"end":{"line":79,"column":null}},"type":"if","locations":[{"start":{"line":79,"column":4},"end":{"line":79,"column":null}}]},"6":{"loc":{"start":{"line":80,"column":4},"end":{"line":80,"column":null}},"type":"if","locations":[{"start":{"line":80,"column":4},"end":{"line":80,"column":null}}]},"7":{"loc":{"start":{"line":81,"column":4},"end":{"line":81,"column":null}},"type":"if","locations":[{"start":{"line":81,"column":4},"end":{"line":81,"column":null}}]},"8":{"loc":{"start":{"line":99,"column":6},"end":{"line":116,"column":7}},"type":"if","locations":[{"start":{"line":99,"column":6},"end":{"line":116,"column":7}},{"start":{"line":106,"column":13},"end":{"line":116,"column":7}}]},"9":{"loc":{"start":{"line":106,"column":13},"end":{"line":116,"column":7}},"type":"if","locations":[{"start":{"line":106,"column":13},"end":{"line":116,"column":7}},{"start":{"line":114,"column":13},"end":{"line":116,"column":7}}]},"10":{"loc":{"start":{"line":149,"column":4},"end":{"line":149,"column":29}},"type":"default-arg","locations":[{"start":{"line":149,"column":25},"end":{"line":149,"column":29}}]},"11":{"loc":{"start":{"line":175,"column":4},"end":{"line":175,"column":56}},"type":"default-arg","locations":[{"start":{"line":175,"column":44},"end":{"line":175,"column":56}}]},"12":{"loc":{"start":{"line":185,"column":6},"end":{"line":197,"column":7}},"type":"if","locations":[{"start":{"line":185,"column":6},"end":{"line":197,"column":7}},{"start":{"line":190,"column":13},"end":{"line":197,"column":7}}]},"13":{"loc":{"start":{"line":190,"column":13},"end":{"line":197,"column":7}},"type":"if","locations":[{"start":{"line":190,"column":13},"end":{"line":197,"column":7}},{"start":{"line":195,"column":13},"end":{"line":197,"column":7}}]},"14":{"loc":{"start":{"line":229,"column":6},"end":{"line":237,"column":7}},"type":"if","locations":[{"start":{"line":229,"column":6},"end":{"line":237,"column":7}},{"start":{"line":232,"column":13},"end":{"line":237,"column":7}}]},"15":{"loc":{"start":{"line":232,"column":13},"end":{"line":237,"column":7}},"type":"if","locations":[{"start":{"line":232,"column":13},"end":{"line":237,"column":7}},{"start":{"line":235,"column":13},"end":{"line":237,"column":7}}]},"16":{"loc":{"start":{"line":254,"column":6},"end":{"line":256,"column":7}},"type":"if","locations":[{"start":{"line":254,"column":6},"end":{"line":256,"column":7}}]},"17":{"loc":{"start":{"line":259,"column":6},"end":{"line":261,"column":7}},"type":"if","locations":[{"start":{"line":259,"column":6},"end":{"line":261,"column":7}}]},"18":{"loc":{"start":{"line":264,"column":6},"end":{"line":266,"column":7}},"type":"if","locations":[{"start":{"line":264,"column":6},"end":{"line":266,"column":7}}]},"19":{"loc":{"start":{"line":276,"column":6},"end":{"line":278,"column":7}},"type":"if","locations":[{"start":{"line":276,"column":6},"end":{"line":278,"column":7}}]},"20":{"loc":{"start":{"line":300,"column":10},"end":{"line":304,"column":11}},"type":"if","locations":[{"start":{"line":300,"column":10},"end":{"line":304,"column":11}},{"start":{"line":302,"column":17},"end":{"line":304,"column":11}}]},"21":{"loc":{"start":{"line":311,"column":6},"end":{"line":313,"column":7}},"type":"if","locations":[{"start":{"line":311,"column":6},"end":{"line":313,"column":7}}]},"22":{"loc":{"start":{"line":323,"column":6},"end":{"line":325,"column":7}},"type":"if","locations":[{"start":{"line":323,"column":6},"end":{"line":325,"column":7}}]},"23":{"loc":{"start":{"line":323,"column":10},"end":{"line":323,"column":70}},"type":"binary-expr","locations":[{"start":{"line":323,"column":10},"end":{"line":323,"column":38}},{"start":{"line":323,"column":42},"end":{"line":323,"column":70}}]},"24":{"loc":{"start":{"line":346,"column":6},"end":{"line":348,"column":7}},"type":"if","locations":[{"start":{"line":346,"column":6},"end":{"line":348,"column":7}}]},"25":{"loc":{"start":{"line":350,"column":6},"end":{"line":356,"column":7}},"type":"if","locations":[{"start":{"line":350,"column":6},"end":{"line":356,"column":7}},{"start":{"line":352,"column":13},"end":{"line":356,"column":7}}]},"26":{"loc":{"start":{"line":352,"column":13},"end":{"line":356,"column":7}},"type":"if","locations":[{"start":{"line":352,"column":13},"end":{"line":356,"column":7}},{"start":{"line":354,"column":13},"end":{"line":356,"column":7}}]},"27":{"loc":{"start":{"line":374,"column":19},"end":{"line":374,"column":55}},"type":"binary-expr","locations":[{"start":{"line":374,"column":19},"end":{"line":374,"column":33}},{"start":{"line":374,"column":37},"end":{"line":374,"column":55}}]},"28":{"loc":{"start":{"line":400,"column":19},"end":{"line":400,"column":55}},"type":"binary-expr","locations":[{"start":{"line":400,"column":19},"end":{"line":400,"column":33}},{"start":{"line":400,"column":37},"end":{"line":400,"column":55}}]},"29":{"loc":{"start":{"line":432,"column":19},"end":{"line":432,"column":42}},"type":"default-arg","locations":[{"start":{"line":432,"column":40},"end":{"line":432,"column":42}}]},"30":{"loc":{"start":{"line":434,"column":23},"end":{"line":434,"column":101}},"type":"cond-expr","locations":[{"start":{"line":434,"column":42},"end":{"line":434,"column":70}},{"start":{"line":434,"column":73},"end":{"line":434,"column":101}}]},"31":{"loc":{"start":{"line":522,"column":6},"end":{"line":524,"column":7}},"type":"if","locations":[{"start":{"line":522,"column":6},"end":{"line":524,"column":7}}]},"32":{"loc":{"start":{"line":522,"column":10},"end":{"line":522,"column":49}},"type":"binary-expr","locations":[{"start":{"line":522,"column":10},"end":{"line":522,"column":18}},{"start":{"line":522,"column":22},"end":{"line":522,"column":49}}]},"33":{"loc":{"start":{"line":526,"column":6},"end":{"line":550,"column":7}},"type":"if","locations":[{"start":{"line":526,"column":6},"end":{"line":550,"column":7}},{"start":{"line":533,"column":13},"end":{"line":550,"column":7}}]},"34":{"loc":{"start":{"line":528,"column":8},"end":{"line":530,"column":9}},"type":"if","locations":[{"start":{"line":528,"column":8},"end":{"line":530,"column":9}}]},"35":{"loc":{"start":{"line":533,"column":13},"end":{"line":550,"column":7}},"type":"if","locations":[{"start":{"line":533,"column":13},"end":{"line":550,"column":7}}]},"36":{"loc":{"start":{"line":535,"column":8},"end":{"line":538,"column":9}},"type":"if","locations":[{"start":{"line":535,"column":8},"end":{"line":538,"column":9}}]},"37":{"loc":{"start":{"line":535,"column":12},"end":{"line":536,"column":73}},"type":"binary-expr","locations":[{"start":{"line":535,"column":12},"end":{"line":535,"column":73}},{"start":{"line":536,"column":12},"end":{"line":536,"column":73}}]},"38":{"loc":{"start":{"line":540,"column":8},"end":{"line":542,"column":9}},"type":"if","locations":[{"start":{"line":540,"column":8},"end":{"line":542,"column":9}}]},"39":{"loc":{"start":{"line":580,"column":6},"end":{"line":582,"column":7}},"type":"if","locations":[{"start":{"line":580,"column":6},"end":{"line":582,"column":7}}]},"40":{"loc":{"start":{"line":587,"column":6},"end":{"line":619,"column":7}},"type":"if","locations":[{"start":{"line":587,"column":6},"end":{"line":619,"column":7}},{"start":{"line":602,"column":13},"end":{"line":619,"column":7}}]},"41":{"loc":{"start":{"line":602,"column":13},"end":{"line":619,"column":7}},"type":"if","locations":[{"start":{"line":602,"column":13},"end":{"line":619,"column":7}},{"start":{"line":617,"column":13},"end":{"line":619,"column":7}}]},"42":{"loc":{"start":{"line":634,"column":4},"end":{"line":634,"column":53}},"type":"default-arg","locations":[{"start":{"line":634,"column":28},"end":{"line":634,"column":53}}]},"43":{"loc":{"start":{"line":653,"column":28},"end":{"line":653,"column":68}},"type":"cond-expr","locations":[{"start":{"line":653,"column":55},"end":{"line":653,"column":60}},{"start":{"line":653,"column":63},"end":{"line":653,"column":68}}]},"44":{"loc":{"start":{"line":662,"column":8},"end":{"line":674,"column":9}},"type":"if","locations":[{"start":{"line":662,"column":8},"end":{"line":674,"column":9}}]},"45":{"loc":{"start":{"line":672,"column":12},"end":{"line":672,"column":null}},"type":"if","locations":[{"start":{"line":672,"column":12},"end":{"line":672,"column":null}}]},"46":{"loc":{"start":{"line":693,"column":33},"end":{"line":693,"column":83}},"type":"default-arg","locations":[{"start":{"line":693,"column":52},"end":{"line":693,"column":83}}]},"47":{"loc":{"start":{"line":696,"column":6},"end":{"line":698,"column":7}},"type":"if","locations":[{"start":{"line":696,"column":6},"end":{"line":698,"column":7}}]}},"s":{"0":0,"1":0,"2":0,"3":0,"4":0,"5":0,"6":0,"7":0,"8":0,"9":0,"10":0,"11":0,"12":0,"13":0,"14":0,"15":0,"16":0,"17":0,"18":0,"19":0,"20":0,"21":0,"22":0,"23":0,"24":0,"25":0,"26":0,"27":0,"28":0,"29":0,"30":0,"31":0,"32":0,"33":0,"34":0,"35":0,"36":0,"37":0,"38":0,"39":0,"40":0,"41":0,"42":0,"43":0,"44":0,"45":0,"46":0,"47":0,"48":0,"49":0,"50":0,"51":0,"52":0,"53":0,"54":0,"55":0,"56":0,"57":0,"58":0,"59":0,"60":0,"61":0,"62":0,"63":0,"64":0,"65":0,"66":0,"67":0,"68":0,"69":0,"70":0,"71":0,"72":0,"73":0,"74":0,"75":0,"76":0,"77":0,"78":0,"79":0,"80":0,"81":0,"82":0,"83":0,"84":0,"85":0,"86":0,"87":0,"88":0,"89":0,"90":0,"91":0,"92":0,"93":0,"94":0,"95":0,"96":0,"97":0,"98":0,"99":0,"100":0,"101":0,"102":0,"103":0,"104":0,"105":0,"106":0,"107":0,"108":0,"109":0,"110":0,"111":0,"112":0,"113":0,"114":0,"115":0,"116":0,"117":0,"118":0,"119":0,"120":0,"121":0,"122":0,"123":0,"124":0,"125":0,"126":0,"127":0,"128":0,"129":0,"130":0,"131":0,"132":0,"133":0,"134":0,"135":0,"136":0,"137":0,"138":0,"139":0,"140":0,"141":0,"142":0,"143":0,"144":0,"145":0,"146":0,"147":0,"148":0,"149":0,"150":0,"151":0,"152":0,"153":0,"154":0,"155":0,"156":0,"157":0,"158":0,"159":0,"160":0,"161":0,"162":0,"163":0,"164":0,"165":0,"166":0,"167":0,"168":0,"169":0,"170":0,"171":0,"172":0,"173":0,"174":0,"175":0,"176":0,"177":0,"178":0,"179":0,"180":0,"181":0,"182":0,"183":0,"184":0,"185":0,"186":0,"187":0,"188":0,"189":0,"190":0,"191":0,"192":0,"193":0,"194":0,"195":0,"196":0,"197":0,"198":0,"199":0,"200":0,"201":0,"202":0,"203":0,"204":0,"205":0,"206":0,"207":0,"208":0,"209":0,"210":0,"211":0,"212":0,"213":0,"214":0,"215":0},"f":{"0":0,"1":0,"2":0,"3":0,"4":0,"5":0,"6":0,"7":0,"8":0,"9":0,"10":0,"11":0,"12":0,"13":0,"14":0,"15":0,"16":0,"17":0,"18":0,"19":0,"20":0,"21":0,"22":0,"23":0,"24":0,"25":0},"b":{"0":[0],"1":[0,0],"2":[0],"3":[0],"4":[0],"5":[0],"6":[0],"7":[0],"8":[0,0],"9":[0,0],"10":[0],"11":[0],"12":[0,0],"13":[0,0],"14":[0,0],"15":[0,0],"16":[0],"17":[0],"18":[0],"19":[0],"20":[0,0],"21":[0],"22":[0],"23":[0,0],"24":[0],"25":[0,0],"26":[0,0],"27":[0,0],"28":[0,0],"29":[0],"30":[0,0],"31":[0],"32":[0,0],"33":[0,0],"34":[0],"35":[0],"36":[0],"37":[0,0],"38":[0],"39":[0],"40":[0,0],"41":[0,0],"42":[0],"43":[0,0],"44":[0],"45":[0],"46":[0],"47":[0]}}
,"/workspaces/TWO/src/main/database.ts": {"path":"/workspaces/TWO/src/main/database.ts","statementMap":{"0":{"start":{"line":1,"column":0},"end":{"line":1,"column":37}},"1":{"start":{"line":2,"column":0},"end":{"line":2,"column":23}},"2":{"start":{"line":3,"column":0},"end":{"line":3,"column":30}},"3":{"start":{"line":4,"column":0},"end":{"line":4,"column":51}},"4":{"start":{"line":11,"column":10},"end":{"line":11,"column":null}},"5":{"start":{"line":12,"column":10},"end":{"line":12,"column":null}},"6":{"start":{"line":16,"column":25},"end":{"line":16,"column":48}},"7":{"start":{"line":17,"column":4},"end":{"line":17,"column":null}},"8":{"start":{"line":24,"column":4},"end":{"line":32,"column":5}},"9":{"start":{"line":25,"column":6},"end":{"line":25,"column":null}},"10":{"start":{"line":26,"column":6},"end":{"line":26,"column":43}},"11":{"start":{"line":27,"column":6},"end":{"line":27,"column":null}},"12":{"start":{"line":28,"column":6},"end":{"line":28,"column":null}},"13":{"start":{"line":30,"column":6},"end":{"line":30,"column":null}},"14":{"start":{"line":31,"column":6},"end":{"line":31,"column":null}},"15":{"start":{"line":39,"column":4},"end":{"line":39,"column":null}},"16":{"start":{"line":39,"column":18},"end":{"line":39,"column":null}},"17":{"start":{"line":41,"column":27},"end":{"line":50,"column":null}},"18":{"start":{"line":52,"column":4},"end":{"line":64,"column":5}},"19":{"start":{"line":53,"column":6},"end":{"line":53,"column":null}},"20":{"start":{"line":56,"column":6},"end":{"line":56,"column":null}},"21":{"start":{"line":57,"column":6},"end":{"line":57,"column":null}},"22":{"start":{"line":58,"column":6},"end":{"line":58,"column":null}},"23":{"start":{"line":60,"column":6},"end":{"line":60,"column":null}},"24":{"start":{"line":62,"column":6},"end":{"line":62,"column":null}},"25":{"start":{"line":63,"column":6},"end":{"line":63,"column":null}},"26":{"start":{"line":73,"column":4},"end":{"line":73,"column":null}},"27":{"start":{"line":73,"column":18},"end":{"line":73,"column":null}},"28":{"start":{"line":76,"column":18},"end":{"line":76,"column":101}},"29":{"start":{"line":77,"column":4},"end":{"line":79,"column":5}},"30":{"start":{"line":78,"column":6},"end":{"line":78,"column":null}},"31":{"start":{"line":81,"column":15},"end":{"line":81,"column":80}},"32":{"start":{"line":82,"column":23},"end":{"line":82,"column":33}},"33":{"start":{"line":84,"column":22},"end":{"line":87,"column":null}},"34":{"start":{"line":89,"column":4},"end":{"line":100,"column":5}},"35":{"start":{"line":90,"column":19},"end":{"line":90,"column":45}},"36":{"start":{"line":91,"column":6},"end":{"line":91,"column":null}},"37":{"start":{"line":92,"column":6},"end":{"line":92,"column":null}},"38":{"start":{"line":93,"column":6},"end":{"line":93,"column":null}},"39":{"start":{"line":95,"column":6},"end":{"line":97,"column":7}},"40":{"start":{"line":96,"column":8},"end":{"line":96,"column":null}},"41":{"start":{"line":98,"column":6},"end":{"line":98,"column":null}},"42":{"start":{"line":99,"column":6},"end":{"line":99,"column":null}},"43":{"start":{"line":108,"column":4},"end":{"line":108,"column":null}},"44":{"start":{"line":108,"column":18},"end":{"line":108,"column":null}},"45":{"start":{"line":110,"column":22},"end":{"line":110,"column":70}},"46":{"start":{"line":112,"column":4},"end":{"line":119,"column":5}},"47":{"start":{"line":113,"column":19},"end":{"line":113,"column":45}},"48":{"start":{"line":114,"column":22},"end":{"line":114,"column":44}},"49":{"start":{"line":115,"column":6},"end":{"line":115,"column":null}},"50":{"start":{"line":117,"column":6},"end":{"line":117,"column":null}},"51":{"start":{"line":118,"column":6},"end":{"line":118,"column":null}},"52":{"start":{"line":127,"column":4},"end":{"line":127,"column":null}},"53":{"start":{"line":127,"column":18},"end":{"line":127,"column":null}},"54":{"start":{"line":128,"column":19},"end":{"line":128,"column":102}},"55":{"start":{"line":129,"column":4},"end":{"line":129,"column":null}},"56":{"start":{"line":138,"column":4},"end":{"line":138,"column":null}},"57":{"start":{"line":138,"column":18},"end":{"line":138,"column":null}},"58":{"start":{"line":140,"column":22},"end":{"line":140,"column":58}},"59":{"start":{"line":142,"column":4},"end":{"line":149,"column":5}},"60":{"start":{"line":143,"column":19},"end":{"line":143,"column":45}},"61":{"start":{"line":144,"column":21},"end":{"line":144,"column":55}},"62":{"start":{"line":145,"column":6},"end":{"line":145,"column":null}},"63":{"start":{"line":147,"column":6},"end":{"line":147,"column":null}},"64":{"start":{"line":148,"column":6},"end":{"line":148,"column":null}},"65":{"start":{"line":158,"column":4},"end":{"line":158,"column":null}},"66":{"start":{"line":158,"column":18},"end":{"line":158,"column":null}},"67":{"start":{"line":160,"column":22},"end":{"line":160,"column":63}},"68":{"start":{"line":162,"column":4},"end":{"line":169,"column":5}},"69":{"start":{"line":163,"column":19},"end":{"line":163,"column":45}},"70":{"start":{"line":164,"column":21},"end":{"line":164,"column":60}},"71":{"start":{"line":165,"column":6},"end":{"line":165,"column":null}},"72":{"start":{"line":167,"column":6},"end":{"line":167,"column":null}},"73":{"start":{"line":168,"column":6},"end":{"line":168,"column":null}},"74":{"start":{"line":178,"column":4},"end":{"line":178,"column":null}},"75":{"start":{"line":178,"column":18},"end":{"line":178,"column":null}},"76":{"start":{"line":180,"column":22},"end":{"line":180,"column":88}},"77":{"start":{"line":182,"column":4},"end":{"line":189,"column":5}},"78":{"start":{"line":183,"column":19},"end":{"line":183,"column":45}},"79":{"start":{"line":184,"column":22},"end":{"line":184,"column":51}},"80":{"start":{"line":185,"column":6},"end":{"line":185,"column":null}},"81":{"start":{"line":187,"column":6},"end":{"line":187,"column":null}},"82":{"start":{"line":188,"column":6},"end":{"line":188,"column":null}},"83":{"start":{"line":199,"column":4},"end":{"line":199,"column":null}},"84":{"start":{"line":199,"column":18},"end":{"line":199,"column":null}},"85":{"start":{"line":201,"column":22},"end":{"line":201,"column":64}},"86":{"start":{"line":203,"column":4},"end":{"line":210,"column":5}},"87":{"start":{"line":204,"column":19},"end":{"line":204,"column":45}},"88":{"start":{"line":205,"column":21},"end":{"line":205,"column":39}},"89":{"start":{"line":206,"column":6},"end":{"line":206,"column":null}},"90":{"start":{"line":208,"column":6},"end":{"line":208,"column":null}},"91":{"start":{"line":209,"column":6},"end":{"line":209,"column":null}},"92":{"start":{"line":219,"column":4},"end":{"line":219,"column":null}},"93":{"start":{"line":219,"column":18},"end":{"line":219,"column":null}},"94":{"start":{"line":221,"column":22},"end":{"line":221,"column":56}},"95":{"start":{"line":223,"column":4},"end":{"line":230,"column":5}},"96":{"start":{"line":224,"column":19},"end":{"line":224,"column":45}},"97":{"start":{"line":225,"column":21},"end":{"line":225,"column":33}},"98":{"start":{"line":226,"column":6},"end":{"line":226,"column":null}},"99":{"start":{"line":228,"column":6},"end":{"line":228,"column":null}},"100":{"start":{"line":229,"column":6},"end":{"line":229,"column":null}},"101":{"start":{"line":238,"column":4},"end":{"line":238,"column":null}},"102":{"start":{"line":238,"column":18},"end":{"line":238,"column":null}},"103":{"start":{"line":240,"column":22},"end":{"line":240,"column":43}},"104":{"start":{"line":242,"column":4},"end":{"line":249,"column":5}},"105":{"start":{"line":243,"column":19},"end":{"line":243,"column":45}},"106":{"start":{"line":244,"column":6},"end":{"line":244,"column":null}},"107":{"start":{"line":245,"column":6},"end":{"line":245,"column":null}},"108":{"start":{"line":247,"column":6},"end":{"line":247,"column":null}},"109":{"start":{"line":248,"column":6},"end":{"line":248,"column":null}},"110":{"start":{"line":256,"column":4},"end":{"line":260,"column":5}},"111":{"start":{"line":257,"column":6},"end":{"line":257,"column":null}},"112":{"start":{"line":258,"column":6},"end":{"line":258,"column":null}},"113":{"start":{"line":259,"column":6},"end":{"line":259,"column":null}},"114":{"start":{"line":265,"column":13},"end":{"line":265,"column":null}}},"fnMap":{"0":{"name":"(anonymous_1)","decl":{"start":{"line":14,"column":2},"end":{"line":14,"column":null}},"loc":{"start":{"line":14,"column":2},"end":{"line":18,"column":3}}},"1":{"name":"(anonymous_2)","decl":{"start":{"line":23,"column":2},"end":{"line":23,"column":12}},"loc":{"start":{"line":23,"column":12},"end":{"line":33,"column":3}}},"2":{"name":"(anonymous_3)","decl":{"start":{"line":38,"column":10},"end":{"line":38,"column":22}},"loc":{"start":{"line":38,"column":22},"end":{"line":65,"column":3}}},"3":{"name":"(anonymous_4)","decl":{"start":{"line":72,"column":2},"end":{"line":72,"column":14}},"loc":{"start":{"line":72,"column":42},"end":{"line":101,"column":3}}},"4":{"name":"(anonymous_5)","decl":{"start":{"line":107,"column":2},"end":{"line":107,"column":15}},"loc":{"start":{"line":107,"column":15},"end":{"line":120,"column":3}}},"5":{"name":"(anonymous_6)","decl":{"start":{"line":126,"column":2},"end":{"line":126,"column":16}},"loc":{"start":{"line":126,"column":16},"end":{"line":130,"column":3}}},"6":{"name":"(anonymous_7)","decl":{"start":{"line":137,"column":2},"end":{"line":137,"column":15}},"loc":{"start":{"line":137,"column":26},"end":{"line":150,"column":3}}},"7":{"name":"(anonymous_8)","decl":{"start":{"line":157,"column":2},"end":{"line":157,"column":20}},"loc":{"start":{"line":157,"column":36},"end":{"line":170,"column":3}}},"8":{"name":"(anonymous_9)","decl":{"start":{"line":177,"column":2},"end":{"line":177,"column":21}},"loc":{"start":{"line":177,"column":47},"end":{"line":190,"column":3}}},"9":{"name":"(anonymous_10)","decl":{"start":{"line":198,"column":2},"end":{"line":198,"column":18}},"loc":{"start":{"line":198,"column":43},"end":{"line":211,"column":3}}},"10":{"name":"(anonymous_11)","decl":{"start":{"line":218,"column":2},"end":{"line":218,"column":14}},"loc":{"start":{"line":218,"column":25},"end":{"line":231,"column":3}}},"11":{"name":"(anonymous_12)","decl":{"start":{"line":237,"column":2},"end":{"line":237,"column":17}},"loc":{"start":{"line":237,"column":17},"end":{"line":250,"column":3}}},"12":{"name":"(anonymous_13)","decl":{"start":{"line":255,"column":2},"end":{"line":255,"column":7}},"loc":{"start":{"line":255,"column":7},"end":{"line":261,"column":3}}}},"branchMap":{"0":{"loc":{"start":{"line":39,"column":4},"end":{"line":39,"column":null}},"type":"if","locations":[{"start":{"line":39,"column":4},"end":{"line":39,"column":null}}]},"1":{"loc":{"start":{"line":73,"column":4},"end":{"line":73,"column":null}},"type":"if","locations":[{"start":{"line":73,"column":4},"end":{"line":73,"column":null}}]},"2":{"loc":{"start":{"line":77,"column":4},"end":{"line":79,"column":5}},"type":"if","locations":[{"start":{"line":77,"column":4},"end":{"line":79,"column":5}}]},"3":{"loc":{"start":{"line":95,"column":6},"end":{"line":97,"column":7}},"type":"if","locations":[{"start":{"line":95,"column":6},"end":{"line":97,"column":7}}]},"4":{"loc":{"start":{"line":108,"column":4},"end":{"line":108,"column":null}},"type":"if","locations":[{"start":{"line":108,"column":4},"end":{"line":108,"column":null}}]},"5":{"loc":{"start":{"line":127,"column":4},"end":{"line":127,"column":null}},"type":"if","locations":[{"start":{"line":127,"column":4},"end":{"line":127,"column":null}}]},"6":{"loc":{"start":{"line":138,"column":4},"end":{"line":138,"column":null}},"type":"if","locations":[{"start":{"line":138,"column":4},"end":{"line":138,"column":null}}]},"7":{"loc":{"start":{"line":145,"column":13},"end":{"line":145,"column":27}},"type":"binary-expr","locations":[{"start":{"line":145,"column":13},"end":{"line":145,"column":19}},{"start":{"line":145,"column":23},"end":{"line":145,"column":27}}]},"8":{"loc":{"start":{"line":158,"column":4},"end":{"line":158,"column":null}},"type":"if","locations":[{"start":{"line":158,"column":4},"end":{"line":158,"column":null}}]},"9":{"loc":{"start":{"line":165,"column":13},"end":{"line":165,"column":27}},"type":"binary-expr","locations":[{"start":{"line":165,"column":13},"end":{"line":165,"column":19}},{"start":{"line":165,"column":23},"end":{"line":165,"column":27}}]},"10":{"loc":{"start":{"line":178,"column":4},"end":{"line":178,"column":null}},"type":"if","locations":[{"start":{"line":178,"column":4},"end":{"line":178,"column":null}}]},"11":{"loc":{"start":{"line":199,"column":4},"end":{"line":199,"column":null}},"type":"if","locations":[{"start":{"line":199,"column":4},"end":{"line":199,"column":null}}]},"12":{"loc":{"start":{"line":219,"column":4},"end":{"line":219,"column":null}},"type":"if","locations":[{"start":{"line":219,"column":4},"end":{"line":219,"column":null}}]},"13":{"loc":{"start":{"line":238,"column":4},"end":{"line":238,"column":null}},"type":"if","locations":[{"start":{"line":238,"column":4},"end":{"line":238,"column":null}}]},"14":{"loc":{"start":{"line":256,"column":4},"end":{"line":260,"column":5}},"type":"if","locations":[{"start":{"line":256,"column":4},"end":{"line":260,"column":5}}]}},"s":{"0":0,"1":0,"2":0,"3":0,"4":0,"5":0,"6":0,"7":0,"8":0,"9":0,"10":0,"11":0,"12":0,"13":0,"14":0,"15":0,"16":0,"17":0,"18":0,"19":0,"20":0,"21":0,"22":0,"23":0,"24":0,"25":0,"26":0,"27":0,"28":0,"29":0,"30":0,"31":0,"32":0,"33":0,"34":0,"35":0,"36":0,"37":0,"38":0,"39":0,"40":0,"41":0,"42":0,"43":0,"44":0,"45":0,"46":0,"47":0,"48":0,"49":0,"50":0,"51":0,"52":0,"53":0,"54":0,"55":0,"56":0,"57":0,"58":0,"59":0,"60":0,"61":0,"62":0,"63":0,"64":0,"65":0,"66":0,"67":0,"68":0,"69":0,"70":0,"71":0,"72":0,"73":0,"74":0,"75":0,"76":0,"77":0,"78":0,"79":0,"80":0,"81":0,"82":0,"83":0,"84":0,"85":0,"86":0,"87":0,"88":0,"89":0,"90":0,"91":0,"92":0,"93":0,"94":0,"95":0,"96":0,"97":0,"98":0,"99":0,"100":0,"101":0,"102":0,"103":0,"104":0,"105":0,"106":0,"107":0,"108":0,"109":0,"110":0,"111":0,"112":0,"113":0,"114":0},"f":{"0":0,"1":0,"2":0,"3":0,"4":0,"5":0,"6":0,"7":0,"8":0,"9":0,"10":0,"11":0,"12":0},"b":{"0":[0],"1":[0],"2":[0],"3":[0],"4":[0],"5":[0],"6":[0],"7":[0,0],"8":[0],"9":[0,0],"10":[0],"11":[0],"12":[0],"13":[0],"14":[0]}}
,"/workspaces/TWO/src/main/ipcHandlers.ts": {"path":"/workspaces/TWO/src/main/ipcHandlers.ts","statementMap":{"0":{"start":{"line":51,"column":0},"end":{"line":51,"column":16}},"1":{"start":{"line":365,"column":0},"end":{"line":365,"column":16}},"2":{"start":{"line":1,"column":0},"end":{"line":1,"column":34}},"3":{"start":{"line":2,"column":0},"end":{"line":2,"column":37}},"4":{"start":{"line":3,"column":0},"end":{"line":3,"column":50}},"5":{"start":{"line":4,"column":0},"end":{"line":4,"column":56}},"6":{"start":{"line":5,"column":0},"end":{"line":5,"column":47}},"7":{"start":{"line":6,"column":0},"end":{"line":6,"column":64}},"8":{"start":{"line":7,"column":0},"end":{"line":7,"column":44}},"9":{"start":{"line":28,"column":25},"end":{"line":30,"column":4}},"10":{"start":{"line":29,"column":4},"end":{"line":29,"column":null}},"11":{"start":{"line":29,"column":21},"end":{"line":29,"column":52}},"12":{"start":{"line":32,"column":2},"end":{"line":32,"column":null}},"13":{"start":{"line":38,"column":13},"end":{"line":46,"column":null}},"14":{"start":{"line":53,"column":2},"end":{"line":110,"column":null}},"15":{"start":{"line":56,"column":6},"end":{"line":108,"column":7}},"16":{"start":{"line":57,"column":8},"end":{"line":57,"column":null}},"17":{"start":{"line":60,"column":8},"end":{"line":65,"column":9}},"18":{"start":{"line":61,"column":10},"end":{"line":64,"column":null}},"19":{"start":{"line":68,"column":30},"end":{"line":68,"column":63}},"20":{"start":{"line":71,"column":23},"end":{"line":71,"column":82}},"21":{"start":{"line":74,"column":31},"end":{"line":74,"column":74}},"22":{"start":{"line":75,"column":8},"end":{"line":80,"column":9}},"23":{"start":{"line":76,"column":10},"end":{"line":79,"column":null}},"24":{"start":{"line":83,"column":45},"end":{"line":88,"column":null}},"25":{"start":{"line":91,"column":25},"end":{"line":91,"column":55}},"26":{"start":{"line":93,"column":8},"end":{"line":93,"column":null}},"27":{"start":{"line":94,"column":8},"end":{"line":101,"column":null}},"28":{"start":{"line":103,"column":8},"end":{"line":103,"column":null}},"29":{"start":{"line":104,"column":8},"end":{"line":107,"column":null}},"30":{"start":{"line":113,"column":2},"end":{"line":181,"column":null}},"31":{"start":{"line":116,"column":6},"end":{"line":179,"column":7}},"32":{"start":{"line":117,"column":8},"end":{"line":117,"column":null}},"33":{"start":{"line":120,"column":8},"end":{"line":125,"column":9}},"34":{"start":{"line":121,"column":10},"end":{"line":124,"column":null}},"35":{"start":{"line":127,"column":8},"end":{"line":132,"column":9}},"36":{"start":{"line":128,"column":10},"end":{"line":131,"column":null}},"37":{"start":{"line":134,"column":8},"end":{"line":139,"column":9}},"38":{"start":{"line":135,"column":10},"end":{"line":138,"column":null}},"39":{"start":{"line":142,"column":30},"end":{"line":142,"column":63}},"40":{"start":{"line":145,"column":27},"end":{"line":145,"column":98}},"41":{"start":{"line":148,"column":23},"end":{"line":153,"column":null}},"42":{"start":{"line":157,"column":45},"end":{"line":162,"column":null}},"43":{"start":{"line":163,"column":25},"end":{"line":163,"column":55}},"44":{"start":{"line":165,"column":8},"end":{"line":165,"column":null}},"45":{"start":{"line":166,"column":8},"end":{"line":172,"column":null}},"46":{"start":{"line":174,"column":8},"end":{"line":174,"column":null}},"47":{"start":{"line":175,"column":8},"end":{"line":178,"column":null}},"48":{"start":{"line":184,"column":2},"end":{"line":205,"column":null}},"49":{"start":{"line":187,"column":6},"end":{"line":203,"column":7}},"50":{"start":{"line":188,"column":8},"end":{"line":188,"column":null}},"51":{"start":{"line":190,"column":24},"end":{"line":190,"column":48}},"52":{"start":{"line":192,"column":8},"end":{"line":192,"column":null}},"53":{"start":{"line":193,"column":8},"end":{"line":196,"column":null}},"54":{"start":{"line":198,"column":8},"end":{"line":198,"column":null}},"55":{"start":{"line":199,"column":8},"end":{"line":202,"column":null}},"56":{"start":{"line":208,"column":2},"end":{"line":262,"column":null}},"57":{"start":{"line":211,"column":6},"end":{"line":260,"column":7}},"58":{"start":{"line":212,"column":8},"end":{"line":212,"column":null}},"59":{"start":{"line":214,"column":8},"end":{"line":219,"column":9}},"60":{"start":{"line":215,"column":10},"end":{"line":218,"column":null}},"61":{"start":{"line":224,"column":8},"end":{"line":241,"column":9}},"62":{"start":{"line":225,"column":10},"end":{"line":229,"column":null}},"63":{"start":{"line":230,"column":15},"end":{"line":241,"column":9}},"64":{"start":{"line":231,"column":10},"end":{"line":235,"column":null}},"65":{"start":{"line":237,"column":10},"end":{"line":240,"column":null}},"66":{"start":{"line":243,"column":38},"end":{"line":247,"column":null}},"67":{"start":{"line":249,"column":8},"end":{"line":249,"column":null}},"68":{"start":{"line":250,"column":8},"end":{"line":253,"column":null}},"69":{"start":{"line":255,"column":8},"end":{"line":255,"column":null}},"70":{"start":{"line":256,"column":8},"end":{"line":259,"column":null}},"71":{"start":{"line":265,"column":2},"end":{"line":293,"column":null}},"72":{"start":{"line":268,"column":6},"end":{"line":291,"column":7}},"73":{"start":{"line":269,"column":8},"end":{"line":269,"column":null}},"74":{"start":{"line":271,"column":8},"end":{"line":276,"column":9}},"75":{"start":{"line":272,"column":10},"end":{"line":275,"column":null}},"76":{"start":{"line":278,"column":23},"end":{"line":278,"column":49}},"77":{"start":{"line":280,"column":8},"end":{"line":280,"column":null}},"78":{"start":{"line":281,"column":8},"end":{"line":284,"column":null}},"79":{"start":{"line":286,"column":8},"end":{"line":286,"column":null}},"80":{"start":{"line":287,"column":8},"end":{"line":290,"column":null}},"81":{"start":{"line":296,"column":2},"end":{"line":325,"column":null}},"82":{"start":{"line":299,"column":6},"end":{"line":323,"column":7}},"83":{"start":{"line":300,"column":8},"end":{"line":300,"column":null}},"84":{"start":{"line":302,"column":8},"end":{"line":307,"column":9}},"85":{"start":{"line":303,"column":10},"end":{"line":306,"column":null}},"86":{"start":{"line":309,"column":23},"end":{"line":309,"column":58}},"87":{"start":{"line":311,"column":8},"end":{"line":311,"column":null}},"88":{"start":{"line":312,"column":8},"end":{"line":316,"column":null}},"89":{"start":{"line":318,"column":8},"end":{"line":318,"column":null}},"90":{"start":{"line":319,"column":8},"end":{"line":322,"column":null}},"91":{"start":{"line":328,"column":2},"end":{"line":357,"column":null}},"92":{"start":{"line":331,"column":6},"end":{"line":355,"column":7}},"93":{"start":{"line":332,"column":8},"end":{"line":332,"column":null}},"94":{"start":{"line":334,"column":8},"end":{"line":339,"column":9}},"95":{"start":{"line":335,"column":10},"end":{"line":338,"column":null}},"96":{"start":{"line":341,"column":23},"end":{"line":341,"column":48}},"97":{"start":{"line":343,"column":8},"end":{"line":343,"column":null}},"98":{"start":{"line":344,"column":8},"end":{"line":348,"column":null}},"99":{"start":{"line":350,"column":8},"end":{"line":350,"column":null}},"100":{"start":{"line":351,"column":8},"end":{"line":354,"column":null}},"101":{"start":{"line":359,"column":2},"end":{"line":359,"column":null}},"102":{"start":{"line":366,"column":2},"end":{"line":368,"column":null}},"103":{"start":{"line":367,"column":4},"end":{"line":367,"column":null}},"104":{"start":{"line":369,"column":2},"end":{"line":369,"column":null}}},"fnMap":{"0":{"name":"withTimeout","decl":{"start":{"line":23,"column":15},"end":{"line":23,"column":26}},"loc":{"start":{"line":26,"column":23},"end":{"line":33,"column":1}}},"1":{"name":"(anonymous_1)","decl":{"start":{"line":28,"column":44},"end":{"line":28,"column":45}},"loc":{"start":{"line":28,"column":58},"end":{"line":30,"column":3}}},"2":{"name":"(anonymous_2)","decl":{"start":{"line":29,"column":15},"end":{"line":29,"column":18}},"loc":{"start":{"line":29,"column":21},"end":{"line":29,"column":52}}},"3":{"name":"registerIPCHandlers","decl":{"start":{"line":51,"column":16},"end":{"line":51,"column":35}},"loc":{"start":{"line":51,"column":35},"end":{"line":360,"column":1}}},"4":{"name":"(anonymous_4)","decl":{"start":{"line":55,"column":4},"end":{"line":55,"column":9}},"loc":{"start":{"line":55,"column":89},"end":{"line":109,"column":5}}},"5":{"name":"(anonymous_5)","decl":{"start":{"line":115,"column":4},"end":{"line":115,"column":9}},"loc":{"start":{"line":115,"column":89},"end":{"line":180,"column":5}}},"6":{"name":"(anonymous_6)","decl":{"start":{"line":186,"column":4},"end":{"line":186,"column":9}},"loc":{"start":{"line":186,"column":53},"end":{"line":204,"column":5}}},"7":{"name":"(anonymous_7)","decl":{"start":{"line":210,"column":4},"end":{"line":210,"column":9}},"loc":{"start":{"line":210,"column":84},"end":{"line":261,"column":5}}},"8":{"name":"(anonymous_8)","decl":{"start":{"line":267,"column":4},"end":{"line":267,"column":9}},"loc":{"start":{"line":267,"column":70},"end":{"line":292,"column":5}}},"9":{"name":"(anonymous_9)","decl":{"start":{"line":298,"column":4},"end":{"line":298,"column":9}},"loc":{"start":{"line":298,"column":78},"end":{"line":324,"column":5}}},"10":{"name":"(anonymous_10)","decl":{"start":{"line":330,"column":4},"end":{"line":330,"column":9}},"loc":{"start":{"line":330,"column":64},"end":{"line":356,"column":5}}},"11":{"name":"removeIPCHandlers","decl":{"start":{"line":365,"column":16},"end":{"line":365,"column":33}},"loc":{"start":{"line":365,"column":33},"end":{"line":370,"column":1}}},"12":{"name":"(anonymous_12)","decl":{"start":{"line":366,"column":38},"end":{"line":366,"column":39}},"loc":{"start":{"line":366,"column":50},"end":{"line":368,"column":3}}}},"branchMap":{"0":{"loc":{"start":{"line":26,"column":2},"end":{"line":26,"column":23}},"type":"default-arg","locations":[{"start":{"line":26,"column":17},"end":{"line":26,"column":23}}]},"1":{"loc":{"start":{"line":60,"column":8},"end":{"line":65,"column":9}},"type":"if","locations":[{"start":{"line":60,"column":8},"end":{"line":65,"column":9}}]},"2":{"loc":{"start":{"line":60,"column":12},"end":{"line":60,"column":60}},"type":"binary-expr","locations":[{"start":{"line":60,"column":12},"end":{"line":60,"column":23}},{"start":{"line":60,"column":27},"end":{"line":60,"column":41}},{"start":{"line":60,"column":45},"end":{"line":60,"column":60}}]},"3":{"loc":{"start":{"line":75,"column":8},"end":{"line":80,"column":9}},"type":"if","locations":[{"start":{"line":75,"column":8},"end":{"line":80,"column":9}}]},"4":{"loc":{"start":{"line":120,"column":8},"end":{"line":125,"column":9}},"type":"if","locations":[{"start":{"line":120,"column":8},"end":{"line":125,"column":9}}]},"5":{"loc":{"start":{"line":120,"column":12},"end":{"line":120,"column":60}},"type":"binary-expr","locations":[{"start":{"line":120,"column":12},"end":{"line":120,"column":23}},{"start":{"line":120,"column":27},"end":{"line":120,"column":41}},{"start":{"line":120,"column":45},"end":{"line":120,"column":60}}]},"6":{"loc":{"start":{"line":127,"column":8},"end":{"line":132,"column":9}},"type":"if","locations":[{"start":{"line":127,"column":8},"end":{"line":132,"column":9}}]},"7":{"loc":{"start":{"line":127,"column":12},"end":{"line":127,"column":66}},"type":"binary-expr","locations":[{"start":{"line":127,"column":12},"end":{"line":127,"column":45}},{"start":{"line":127,"column":49},"end":{"line":127,"column":66}}]},"8":{"loc":{"start":{"line":134,"column":8},"end":{"line":139,"column":9}},"type":"if","locations":[{"start":{"line":134,"column":8},"end":{"line":139,"column":9}}]},"9":{"loc":{"start":{"line":134,"column":12},"end":{"line":134,"column":62}},"type":"binary-expr","locations":[{"start":{"line":134,"column":12},"end":{"line":134,"column":43}},{"start":{"line":134,"column":47},"end":{"line":134,"column":62}}]},"10":{"loc":{"start":{"line":145,"column":27},"end":{"line":145,"column":98}},"type":"cond-expr","locations":[{"start":{"line":145,"column":63},"end":{"line":145,"column":80}},{"start":{"line":145,"column":83},"end":{"line":145,"column":98}}]},"11":{"loc":{"start":{"line":201,"column":17},"end":{"line":201,"column":44}},"type":"binary-expr","locations":[{"start":{"line":201,"column":17},"end":{"line":201,"column":30}},{"start":{"line":201,"column":34},"end":{"line":201,"column":44}}]},"12":{"loc":{"start":{"line":214,"column":8},"end":{"line":219,"column":9}},"type":"if","locations":[{"start":{"line":214,"column":8},"end":{"line":219,"column":9}}]},"13":{"loc":{"start":{"line":214,"column":12},"end":{"line":214,"column":46}},"type":"binary-expr","locations":[{"start":{"line":214,"column":12},"end":{"line":214,"column":27}},{"start":{"line":214,"column":31},"end":{"line":214,"column":46}}]},"14":{"loc":{"start":{"line":224,"column":8},"end":{"line":241,"column":9}},"type":"if","locations":[{"start":{"line":224,"column":8},"end":{"line":241,"column":9}},{"start":{"line":230,"column":15},"end":{"line":241,"column":9}}]},"15":{"loc":{"start":{"line":230,"column":15},"end":{"line":241,"column":9}},"type":"if","locations":[{"start":{"line":230,"column":15},"end":{"line":241,"column":9}},{"start":{"line":236,"column":15},"end":{"line":241,"column":9}}]},"16":{"loc":{"start":{"line":258,"column":17},"end":{"line":258,"column":42}},"type":"binary-expr","locations":[{"start":{"line":258,"column":17},"end":{"line":258,"column":30}},{"start":{"line":258,"column":34},"end":{"line":258,"column":42}}]},"17":{"loc":{"start":{"line":271,"column":8},"end":{"line":276,"column":9}},"type":"if","locations":[{"start":{"line":271,"column":8},"end":{"line":276,"column":9}}]},"18":{"loc":{"start":{"line":280,"column":35},"end":{"line":280,"column":56}},"type":"cond-expr","locations":[{"start":{"line":280,"column":44},"end":{"line":280,"column":48}},{"start":{"line":280,"column":51},"end":{"line":280,"column":56}}]},"19":{"loc":{"start":{"line":289,"column":17},"end":{"line":289,"column":44}},"type":"binary-expr","locations":[{"start":{"line":289,"column":17},"end":{"line":289,"column":30}},{"start":{"line":289,"column":34},"end":{"line":289,"column":44}}]},"20":{"loc":{"start":{"line":302,"column":8},"end":{"line":307,"column":9}},"type":"if","locations":[{"start":{"line":302,"column":8},"end":{"line":307,"column":9}}]},"21":{"loc":{"start":{"line":302,"column":12},"end":{"line":302,"column":24}},"type":"binary-expr","locations":[{"start":{"line":302,"column":12},"end":{"line":302,"column":15}},{"start":{"line":302,"column":19},"end":{"line":302,"column":24}}]},"22":{"loc":{"start":{"line":311,"column":35},"end":{"line":311,"column":55}},"type":"cond-expr","locations":[{"start":{"line":311,"column":44},"end":{"line":311,"column":48}},{"start":{"line":311,"column":51},"end":{"line":311,"column":55}}]},"23":{"loc":{"start":{"line":315,"column":17},"end":{"line":315,"column":50}},"type":"cond-expr","locations":[{"start":{"line":315,"column":26},"end":{"line":315,"column":35}},{"start":{"line":315,"column":38},"end":{"line":315,"column":50}}]},"24":{"loc":{"start":{"line":321,"column":17},"end":{"line":321,"column":44}},"type":"binary-expr","locations":[{"start":{"line":321,"column":17},"end":{"line":321,"column":30}},{"start":{"line":321,"column":34},"end":{"line":321,"column":44}}]},"25":{"loc":{"start":{"line":334,"column":8},"end":{"line":339,"column":9}},"type":"if","locations":[{"start":{"line":334,"column":8},"end":{"line":339,"column":9}}]},"26":{"loc":{"start":{"line":343,"column":33},"end":{"line":343,"column":53}},"type":"cond-expr","locations":[{"start":{"line":343,"column":42},"end":{"line":343,"column":46}},{"start":{"line":343,"column":49},"end":{"line":343,"column":53}}]},"27":{"loc":{"start":{"line":347,"column":17},"end":{"line":347,"column":50}},"type":"cond-expr","locations":[{"start":{"line":347,"column":26},"end":{"line":347,"column":35}},{"start":{"line":347,"column":38},"end":{"line":347,"column":50}}]},"28":{"loc":{"start":{"line":353,"column":17},"end":{"line":353,"column":42}},"type":"binary-expr","locations":[{"start":{"line":353,"column":17},"end":{"line":353,"column":30}},{"start":{"line":353,"column":34},"end":{"line":353,"column":42}}]}},"s":{"0":0,"1":0,"2":0,"3":0,"4":0,"5":0,"6":0,"7":0,"8":0,"9":0,"10":0,"11":0,"12":0,"13":0,"14":0,"15":0,"16":0,"17":0,"18":0,"19":0,"20":0,"21":0,"22":0,"23":0,"24":0,"25":0,"26":0,"27":0,"28":0,"29":0,"30":0,"31":0,"32":0,"33":0,"34":0,"35":0,"36":0,"37":0,"38":0,"39":0,"40":0,"41":0,"42":0,"43":0,"44":0,"45":0,"46":0,"47":0,"48":0,"49":0,"50":0,"51":0,"52":0,"53":0,"54":0,"55":0,"56":0,"57":0,"58":0,"59":0,"60":0,"61":0,"62":0,"63":0,"64":0,"65":0,"66":0,"67":0,"68":0,"69":0,"70":0,"71":0,"72":0,"73":0,"74":0,"75":0,"76":0,"77":0,"78":0,"79":0,"80":0,"81":0,"82":0,"83":0,"84":0,"85":0,"86":0,"87":0,"88":0,"89":0,"90":0,"91":0,"92":0,"93":0,"94":0,"95":0,"96":0,"97":0,"98":0,"99":0,"100":0,"101":0,"102":0,"103":0,"104":0},"f":{"0":0,"1":0,"2":0,"3":0,"4":0,"5":0,"6":0,"7":0,"8":0,"9":0,"10":0,"11":0,"12":0},"b":{"0":[0],"1":[0],"2":[0,0,0],"3":[0],"4":[0],"5":[0,0,0],"6":[0],"7":[0,0],"8":[0],"9":[0,0],"10":[0,0],"11":[0,0],"12":[0],"13":[0,0],"14":[0,0],"15":[0,0],"16":[0,0],"17":[0],"18":[0,0],"19":[0,0],"20":[0],"21":[0,0],"22":[0,0],"23":[0,0],"24":[0,0],"25":[0],"26":[0,0],"27":[0,0],"28":[0,0]}}
,"/workspaces/TWO/src/main/main.ts": {"path":"/workspaces/TWO/src/main/main.ts","statementMap":{"0":{"start":{"line":1,"column":0},"end":{"line":1,"column":45}},"1":{"start":{"line":2,"column":0},"end":{"line":2,"column":23}},"2":{"start":{"line":3,"column":0},"end":{"line":3,"column":37}},"3":{"start":{"line":4,"column":0},"end":{"line":4,"column":70}},"4":{"start":{"line":7,"column":0},"end":{"line":9,"column":null}},"5":{"start":{"line":8,"column":2},"end":{"line":8,"column":null}},"6":{"start":{"line":12,"column":0},"end":{"line":14,"column":null}},"7":{"start":{"line":13,"column":2},"end":{"line":13,"column":null}},"8":{"start":{"line":17,"column":39},"end":{"line":17,"column":43}},"9":{"start":{"line":19,"column":21},"end":{"line":58,"column":1}},"10":{"start":{"line":20,"column":2},"end":{"line":34,"column":null}},"11":{"start":{"line":37,"column":2},"end":{"line":44,"column":3}},"12":{"start":{"line":38,"column":4},"end":{"line":38,"column":null}},"13":{"start":{"line":40,"column":4},"end":{"line":40,"column":null}},"14":{"start":{"line":43,"column":4},"end":{"line":43,"column":null}},"15":{"start":{"line":46,"column":2},"end":{"line":48,"column":null}},"16":{"start":{"line":47,"column":4},"end":{"line":47,"column":null}},"17":{"start":{"line":51,"column":2},"end":{"line":54,"column":null}},"18":{"start":{"line":52,"column":4},"end":{"line":52,"column":null}},"19":{"start":{"line":53,"column":4},"end":{"line":53,"column":null}},"20":{"start":{"line":57,"column":2},"end":{"line":57,"column":null}},"21":{"start":{"line":61,"column":0},"end":{"line":82,"column":null}},"22":{"start":{"line":63,"column":2},"end":{"line":68,"column":3}},"23":{"start":{"line":64,"column":4},"end":{"line":64,"column":null}},"24":{"start":{"line":65,"column":4},"end":{"line":65,"column":null}},"25":{"start":{"line":67,"column":4},"end":{"line":67,"column":null}},"26":{"start":{"line":71,"column":2},"end":{"line":71,"column":null}},"27":{"start":{"line":73,"column":2},"end":{"line":73,"column":null}},"28":{"start":{"line":75,"column":2},"end":{"line":81,"column":null}},"29":{"start":{"line":78,"column":4},"end":{"line":80,"column":5}},"30":{"start":{"line":79,"column":6},"end":{"line":79,"column":null}},"31":{"start":{"line":85,"column":0},"end":{"line":89,"column":null}},"32":{"start":{"line":86,"column":2},"end":{"line":88,"column":3}},"33":{"start":{"line":87,"column":4},"end":{"line":87,"column":null}},"34":{"start":{"line":92,"column":0},"end":{"line":107,"column":null}},"35":{"start":{"line":93,"column":2},"end":{"line":106,"column":3}},"36":{"start":{"line":94,"column":4},"end":{"line":94,"column":null}},"37":{"start":{"line":97,"column":4},"end":{"line":97,"column":null}},"38":{"start":{"line":100,"column":4},"end":{"line":100,"column":null}},"39":{"start":{"line":102,"column":4},"end":{"line":102,"column":null}},"40":{"start":{"line":104,"column":4},"end":{"line":104,"column":null}}},"fnMap":{"0":{"name":"(anonymous_1)","decl":{"start":{"line":7,"column":32},"end":{"line":7,"column":33}},"loc":{"start":{"line":7,"column":42},"end":{"line":9,"column":1}}},"1":{"name":"(anonymous_2)","decl":{"start":{"line":12,"column":33},"end":{"line":12,"column":34}},"loc":{"start":{"line":12,"column":53},"end":{"line":14,"column":1}}},"2":{"name":"(anonymous_3)","decl":{"start":{"line":19,"column":21},"end":{"line":19,"column":24}},"loc":{"start":{"line":19,"column":26},"end":{"line":58,"column":1}}},"3":{"name":"(anonymous_4)","decl":{"start":{"line":46,"column":26},"end":{"line":46,"column":29}},"loc":{"start":{"line":46,"column":31},"end":{"line":48,"column":3}}},"4":{"name":"(anonymous_5)","decl":{"start":{"line":51,"column":46},"end":{"line":51,"column":47}},"loc":{"start":{"line":51,"column":58},"end":{"line":54,"column":3}}},"5":{"name":"(anonymous_6)","decl":{"start":{"line":61,"column":21},"end":{"line":61,"column":24}},"loc":{"start":{"line":61,"column":26},"end":{"line":82,"column":1}}},"6":{"name":"(anonymous_7)","decl":{"start":{"line":75,"column":21},"end":{"line":75,"column":24}},"loc":{"start":{"line":75,"column":26},"end":{"line":81,"column":3}}},"7":{"name":"(anonymous_8)","decl":{"start":{"line":85,"column":28},"end":{"line":85,"column":31}},"loc":{"start":{"line":85,"column":33},"end":{"line":89,"column":1}}},"8":{"name":"(anonymous_9)","decl":{"start":{"line":92,"column":22},"end":{"line":92,"column":25}},"loc":{"start":{"line":92,"column":27},"end":{"line":107,"column":1}}}},"branchMap":{"0":{"loc":{"start":{"line":37,"column":2},"end":{"line":44,"column":3}},"type":"if","locations":[{"start":{"line":37,"column":2},"end":{"line":44,"column":3}},{"start":{"line":41,"column":9},"end":{"line":44,"column":3}}]},"1":{"loc":{"start":{"line":78,"column":4},"end":{"line":80,"column":5}},"type":"if","locations":[{"start":{"line":78,"column":4},"end":{"line":80,"column":5}}]},"2":{"loc":{"start":{"line":86,"column":2},"end":{"line":88,"column":3}},"type":"if","locations":[{"start":{"line":86,"column":2},"end":{"line":88,"column":3}}]}},"s":{"0":0,"1":0,"2":0,"3":0,"4":0,"5":0,"6":0,"7":0,"8":0,"9":0,"10":0,"11":0,"12":0,"13":0,"14":0,"15":0,"16":0,"17":0,"18":0,"19":0,"20":0,"21":0,"22":0,"23":0,"24":0,"25":0,"26":0,"27":0,"28":0,"29":0,"30":0,"31":0,"32":0,"33":0,"34":0,"35":0,"36":0,"37":0,"38":0,"39":0,"40":0},"f":{"0":0,"1":0,"2":0,"3":0,"4":0,"5":0,"6":0,"7":0,"8":0},"b":{"0":[0,0],"1":[0],"2":[0]}}
,"/workspaces/TWO/src/renderer/App.tsx": {"path":"/workspaces/TWO/src/renderer/App.tsx","statementMap":{"0":{"start":{"line":6,"column":0},"end":{"line":6,"column":77}},"1":{"start":{"line":7,"column":0},"end":{"line":7,"column":81}},"2":{"start":{"line":8,"column":0},"end":{"line":8,"column":null}},"3":{"start":{"line":21,"column":0},"end":{"line":21,"column":18}},"4":{"start":{"line":24,"column":0},"end":{"line":24,"column":27}},"5":{"start":{"line":25,"column":0},"end":{"line":25,"column":37}},"6":{"start":{"line":26,"column":0},"end":{"line":26,"column":65}},"7":{"start":{"line":27,"column":0},"end":{"line":27,"column":39}},"8":{"start":{"line":28,"column":0},"end":{"line":28,"column":35}},"9":{"start":{"line":29,"column":0},"end":{"line":29,"column":39}},"10":{"start":{"line":31,"column":35},"end":{"line":31,"column":41}},"11":{"start":{"line":32,"column":20},"end":{"line":32,"column":24}},"12":{"start":{"line":50,"column":19},"end":{"line":50,"column":71}},"13":{"start":{"line":52,"column":22},"end":{"line":58,"column":1}},"14":{"start":{"line":53,"column":18},"end":{"line":53,"column":40}},"15":{"start":{"line":54,"column":2},"end":{"line":56,"column":3}},"16":{"start":{"line":55,"column":4},"end":{"line":55,"column":null}},"17":{"start":{"line":57,"column":2},"end":{"line":57,"column":null}},"18":{"start":{"line":52,"column":13},"end":{"line":52,"column":22}},"19":{"start":{"line":66,"column":48},"end":{"line":105,"column":1}},"20":{"start":{"line":67,"column":26},"end":{"line":67,"column":53}},"21":{"start":{"line":70,"column":2},"end":{"line":79,"column":null}},"22":{"start":{"line":71,"column":22},"end":{"line":71,"column":50}},"23":{"start":{"line":72,"column":4},"end":{"line":78,"column":5}},"24":{"start":{"line":73,"column":6},"end":{"line":77,"column":7}},"25":{"start":{"line":74,"column":8},"end":{"line":74,"column":null}},"26":{"start":{"line":76,"column":8},"end":{"line":76,"column":null}},"27":{"start":{"line":81,"column":16},"end":{"line":91,"column":3}},"28":{"start":{"line":83,"column":27},"end":{"line":87,"column":null}},"29":{"start":{"line":89,"column":4},"end":{"line":89,"column":null}},"30":{"start":{"line":90,"column":4},"end":{"line":90,"column":null}},"31":{"start":{"line":93,"column":17},"end":{"line":96,"column":3}},"32":{"start":{"line":94,"column":4},"end":{"line":94,"column":null}},"33":{"start":{"line":95,"column":4},"end":{"line":95,"column":null}},"34":{"start":{"line":98,"column":32},"end":{"line":102,"column":null}},"35":{"start":{"line":104,"column":2},"end":{"line":104,"column":null}},"36":{"start":{"line":109,"column":29},"end":{"line":251,"column":1}},"37":{"start":{"line":110,"column":27},"end":{"line":110,"column":35}},"38":{"start":{"line":111,"column":36},"end":{"line":111,"column":51}},"39":{"start":{"line":112,"column":36},"end":{"line":112,"column":57}},"40":{"start":{"line":114,"column":23},"end":{"line":118,"column":3}},"41":{"start":{"line":115,"column":4},"end":{"line":117,"column":5}},"42":{"start":{"line":116,"column":6},"end":{"line":116,"column":null}},"43":{"start":{"line":120,"column":44},"end":{"line":127,"column":null}},"44":{"start":{"line":129,"column":19},"end":{"line":211,"column":null}},"45":{"start":{"line":213,"column":2},"end":{"line":250,"column":null}},"46":{"start":{"line":255,"column":22},"end":{"line":268,"column":1}},"47":{"start":{"line":256,"column":38},"end":{"line":256,"column":53}},"48":{"start":{"line":258,"column":2},"end":{"line":261,"column":null}},"49":{"start":{"line":259,"column":22},"end":{"line":259,"column":50}},"50":{"start":{"line":260,"column":4},"end":{"line":260,"column":null}},"51":{"start":{"line":263,"column":2},"end":{"line":267,"column":null}},"52":{"start":{"line":270,"column":0},"end":{"line":270,"column":null}}},"fnMap":{"0":{"name":"(anonymous_10)","decl":{"start":{"line":52,"column":22},"end":{"line":52,"column":25}},"loc":{"start":{"line":52,"column":27},"end":{"line":58,"column":1}}},"1":{"name":"(anonymous_11)","decl":{"start":{"line":66,"column":48},"end":{"line":66,"column":49}},"loc":{"start":{"line":66,"column":65},"end":{"line":105,"column":1}}},"2":{"name":"(anonymous_12)","decl":{"start":{"line":70,"column":12},"end":{"line":70,"column":15}},"loc":{"start":{"line":70,"column":17},"end":{"line":79,"column":3}}},"3":{"name":"(anonymous_13)","decl":{"start":{"line":81,"column":16},"end":{"line":81,"column":21}},"loc":{"start":{"line":81,"column":61},"end":{"line":91,"column":3}}},"4":{"name":"(anonymous_14)","decl":{"start":{"line":93,"column":17},"end":{"line":93,"column":20}},"loc":{"start":{"line":93,"column":22},"end":{"line":96,"column":3}}},"5":{"name":"(anonymous_15)","decl":{"start":{"line":109,"column":29},"end":{"line":109,"column":32}},"loc":{"start":{"line":109,"column":34},"end":{"line":251,"column":1}}},"6":{"name":"(anonymous_16)","decl":{"start":{"line":114,"column":23},"end":{"line":114,"column":26}},"loc":{"start":{"line":114,"column":28},"end":{"line":118,"column":3}}},"7":{"name":"(anonymous_17)","decl":{"start":{"line":255,"column":22},"end":{"line":255,"column":25}},"loc":{"start":{"line":255,"column":27},"end":{"line":268,"column":1}}},"8":{"name":"(anonymous_18)","decl":{"start":{"line":258,"column":12},"end":{"line":258,"column":15}},"loc":{"start":{"line":258,"column":17},"end":{"line":261,"column":3}}}},"branchMap":{"0":{"loc":{"start":{"line":54,"column":2},"end":{"line":56,"column":3}},"type":"if","locations":[{"start":{"line":54,"column":2},"end":{"line":56,"column":3}}]},"1":{"loc":{"start":{"line":72,"column":4},"end":{"line":78,"column":5}},"type":"if","locations":[{"start":{"line":72,"column":4},"end":{"line":78,"column":5}}]},"2":{"loc":{"start":{"line":115,"column":4},"end":{"line":117,"column":5}},"type":"if","locations":[{"start":{"line":115,"column":4},"end":{"line":117,"column":5}}]},"3":{"loc":{"start":{"line":265,"column":7},"end":{"line":265,"column":46}},"type":"cond-expr","locations":[{"start":{"line":265,"column":20},"end":{"line":265,"column":34}},{"start":{"line":265,"column":37},"end":{"line":265,"column":46}}]}},"s":{"0":0,"1":0,"2":0,"3":0,"4":0,"5":0,"6":0,"7":0,"8":0,"9":0,"10":0,"11":0,"12":0,"13":0,"14":0,"15":0,"16":0,"17":0,"18":0,"19":0,"20":0,"21":0,"22":0,"23":0,"24":0,"25":0,"26":0,"27":0,"28":0,"29":0,"30":0,"31":0,"32":0,"33":0,"34":0,"35":0,"36":0,"37":0,"38":0,"39":0,"40":0,"41":0,"42":0,"43":0,"44":0,"45":0,"46":0,"47":0,"48":0,"49":0,"50":0,"51":0,"52":0},"f":{"0":0,"1":0,"2":0,"3":0,"4":0,"5":0,"6":0,"7":0,"8":0},"b":{"0":[0],"1":[0],"2":[0],"3":[0,0]}}
,"/workspaces/TWO/src/renderer/BSCBalanceChecker.tsx": {"path":"/workspaces/TWO/src/renderer/BSCBalanceChecker.tsx","statementMap":{"0":{"start":{"line":1,"column":0},"end":{"line":1,"column":32}},"1":{"start":{"line":2,"column":0},"end":{"line":2,"column":79}},"2":{"start":{"line":3,"column":0},"end":{"line":3,"column":66}},"3":{"start":{"line":4,"column":0},"end":{"line":4,"column":63}},"4":{"start":{"line":5,"column":0},"end":{"line":5,"column":25}},"5":{"start":{"line":7,"column":24},"end":{"line":7,"column":34}},"6":{"start":{"line":10,"column":32},"end":{"line":10,"column":44}},"7":{"start":{"line":11,"column":32},"end":{"line":11,"column":61}},"8":{"start":{"line":12,"column":32},"end":{"line":12,"column":47}},"9":{"start":{"line":14,"column":29},"end":{"line":31,"column":3}},"10":{"start":{"line":15,"column":4},"end":{"line":18,"column":5}},"11":{"start":{"line":16,"column":6},"end":{"line":16,"column":null}},"12":{"start":{"line":17,"column":6},"end":{"line":17,"column":12}},"13":{"start":{"line":20,"column":4},"end":{"line":20,"column":null}},"14":{"start":{"line":21,"column":4},"end":{"line":30,"column":5}},"15":{"start":{"line":22,"column":21},"end":{"line":22,"column":56}},"16":{"start":{"line":23,"column":6},"end":{"line":23,"column":null}},"17":{"start":{"line":24,"column":6},"end":{"line":24,"column":null}},"18":{"start":{"line":26,"column":6},"end":{"line":26,"column":null}},"19":{"start":{"line":27,"column":6},"end":{"line":27,"column":null}},"20":{"start":{"line":29,"column":6},"end":{"line":29,"column":null}},"21":{"start":{"line":34,"column":27},"end":{"line":37,"column":null}},"22":{"start":{"line":39,"column":27},"end":{"line":42,"column":3}},"23":{"start":{"line":40,"column":4},"end":{"line":40,"column":null}},"24":{"start":{"line":41,"column":4},"end":{"line":41,"column":null}},"25":{"start":{"line":44,"column":2},"end":{"line":122,"column":null}},"26":{"start":{"line":61,"column":31},"end":{"line":61,"column":57}},"27":{"start":{"line":108,"column":16},"end":{"line":114,"column":null}},"28":{"start":{"line":111,"column":33},"end":{"line":111,"column":55}},"29":{"start":{"line":125,"column":0},"end":{"line":125,"column":null}}},"fnMap":{"0":{"name":"BSCBalanceChecker","decl":{"start":{"line":9,"column":9},"end":{"line":9,"column":26}},"loc":{"start":{"line":9,"column":26},"end":{"line":123,"column":1}}},"1":{"name":"(anonymous_1)","decl":{"start":{"line":14,"column":29},"end":{"line":14,"column":34}},"loc":{"start":{"line":14,"column":40},"end":{"line":31,"column":3}}},"2":{"name":"(anonymous_2)","decl":{"start":{"line":39,"column":27},"end":{"line":39,"column":28}},"loc":{"start":{"line":39,"column":44},"end":{"line":42,"column":3}}},"3":{"name":"(anonymous_3)","decl":{"start":{"line":61,"column":24},"end":{"line":61,"column":25}},"loc":{"start":{"line":61,"column":31},"end":{"line":61,"column":57}}},"4":{"name":"(anonymous_4)","decl":{"start":{"line":107,"column":36},"end":{"line":107,"column":37}},"loc":{"start":{"line":108,"column":16},"end":{"line":114,"column":null}}},"5":{"name":"(anonymous_5)","decl":{"start":{"line":111,"column":27},"end":{"line":111,"column":30}},"loc":{"start":{"line":111,"column":33},"end":{"line":111,"column":55}}}},"branchMap":{"0":{"loc":{"start":{"line":15,"column":4},"end":{"line":18,"column":5}},"type":"if","locations":[{"start":{"line":15,"column":4},"end":{"line":18,"column":5}}]},"1":{"loc":{"start":{"line":26,"column":20},"end":{"line":26,"column":43}},"type":"binary-expr","locations":[{"start":{"line":26,"column":20},"end":{"line":26,"column":33}},{"start":{"line":26,"column":37},"end":{"line":26,"column":43}}]},"2":{"loc":{"start":{"line":83,"column":11},"end":{"line":99,"column":null}},"type":"binary-expr","locations":[{"start":{"line":83,"column":11},"end":{"line":83,"column":27}},{"start":{"line":84,"column":12},"end":{"line":98,"column":null}}]}},"s":{"0":0,"1":0,"2":0,"3":0,"4":0,"5":0,"6":0,"7":0,"8":0,"9":0,"10":0,"11":0,"12":0,"13":0,"14":0,"15":0,"16":0,"17":0,"18":0,"19":0,"20":0,"21":0,"22":0,"23":0,"24":0,"25":0,"26":0,"27":0,"28":0,"29":0},"f":{"0":0,"1":0,"2":0,"3":0,"4":0,"5":0},"b":{"0":[0],"1":[0,0],"2":[0,0]}}
[...]
,"/workspaces/TWO/src/tests/quick-test.ts": {"path":"/workspaces/TWO/src/tests/quick-test.ts","statementMap":{"0":{"start":{"line":6,"column":0},"end":{"line":6,"column":56}},"1":{"start":{"line":7,"column":0},"end":{"line":7,"column":85}},"2":{"start":{"line":10,"column":0},"end":{"line":10,"column":null}},"3":{"start":{"line":12,"column":13},"end":{"line":12,"column":14}},"4":{"start":{"line":13,"column":13},"end":{"line":13,"column":14}},"5":{"start":{"line":16,"column":0},"end":{"line":16,"column":null}},"6":{"start":{"line":17,"column":0},"end":{"line":32,"column":1}},"7":{"start":{"line":18,"column":18},"end":{"line":18,"column":52}},"8":{"start":{"line":19,"column":17},"end":{"line":19,"column":61}},"9":{"start":{"line":21,"column":2},"end":{"line":21,"column":null}},"10":{"start":{"line":21,"column":40},"end":{"line":21,"column":null}},"11":{"start":{"line":22,"column":2},"end":{"line":22,"column":null}},"12":{"start":{"line":22,"column":36},"end":{"line":22,"column":null}},"13":{"start":{"line":23,"column":2},"end":{"line":23,"column":null}},"14":{"start":{"line":23,"column":43},"end":{"line":23,"column":null}},"15":{"start":{"line":24,"column":2},"end":{"line":24,"column":null}},"16":{"start":{"line":24,"column":39},"end":{"line":24,"column":null}},"17":{"start":{"line":26,"column":2},"end":{"line":26,"column":null}},"18":{"start":{"line":27,"column":2},"end":{"line":27,"column":null}},"19":{"start":{"line":28,"column":2},"end":{"line":28,"column":null}},"20":{"start":{"line":30,"column":2},"end":{"line":30,"column":null}},"21":{"start":{"line":31,"column":2},"end":{"line":31,"column":null}},"22":{"start":{"line":35,"column":0},"end":{"line":35,"column":null}},"23":{"start":{"line":36,"column":0},"end":{"line":52,"column":1}},"24":{"start":{"line":37,"column":18},"end":{"line":37,"column":52}},"25":{"start":{"line":38,"column":17},"end":{"line":38,"column":67}},"26":{"start":{"line":40,"column":2},"end":{"line":40,"column":null}},"27":{"start":{"line":40,"column":23},"end":{"line":40,"column":null}},"28":{"start":{"line":41,"column":2},"end":{"line":43,"column":3}},"29":{"start":{"line":42,"column":4},"end":{"line":42,"column":null}},"30":{"start":{"line":44,"column":2},"end":{"line":44,"column":null}},"31":{"start":{"line":44,"column":26},"end":{"line":44,"column":null}},"32":{"start":{"line":46,"column":2},"end":{"line":46,"column":null}},"33":{"start":{"line":47,"column":2},"end":{"line":47,"column":null}},"34":{"start":{"line":48,"column":2},"end":{"line":48,"column":null}},"35":{"start":{"line":50,"column":2},"end":{"line":50,"column":null}},"36":{"start":{"line":51,"column":2},"end":{"line":51,"column":null}},"37":{"start":{"line":55,"column":0},"end":{"line":55,"column":null}},"38":{"start":{"line":56,"column":0},"end":{"line":80,"column":1}},"39":{"start":{"line":57,"column":19},"end":{"line":57,"column":37}},"40":{"start":{"line":58,"column":21},"end":{"line":58,"column":89}},"41":{"start":{"line":60,"column":20},"end":{"line":60,"column":49}},"42":{"start":{"line":61,"column":20},"end":{"line":61,"column":48}},"43":{"start":{"line":63,"column":2},"end":{"line":63,"column":null}},"44":{"start":{"line":63,"column":32},"end":{"line":63,"column":null}},"45":{"start":{"line":66,"column":2},"end":{"line":72,"column":3}},"46":{"start":{"line":67,"column":4},"end":{"line":67,"column":null}},"47":{"start":{"line":68,"column":4},"end":{"line":68,"column":null}},"48":{"start":{"line":70,"column":4},"end":{"line":70,"column":null}},"49":{"start":{"line":70,"column":32},"end":{"line":70,"column":null}},"50":{"start":{"line":74,"column":2},"end":{"line":74,"column":null}},"51":{"start":{"line":75,"column":2},"end":{"line":75,"column":null}},"52":{"start":{"line":76,"column":2},"end":{"line":76,"column":null}},"53":{"start":{"line":78,"column":2},"end":{"line":78,"column":null}},"54":{"start":{"line":79,"column":2},"end":{"line":79,"column":null}},"55":{"start":{"line":83,"column":0},"end":{"line":83,"column":null}},"56":{"start":{"line":84,"column":0},"end":{"line":100,"column":1}},"57":{"start":{"line":85,"column":18},"end":{"line":85,"column":52}},"58":{"start":{"line":86,"column":17},"end":{"line":86,"column":58}},"59":{"start":{"line":88,"column":20},"end":{"line":88,"column":67}},"60":{"start":{"line":90,"column":2},"end":{"line":92,"column":3}},"61":{"start":{"line":91,"column":4},"end":{"line":91,"column":null}},"62":{"start":{"line":94,"column":2},"end":{"line":94,"column":null}},"63":{"start":{"line":95,"column":2},"end":{"line":95,"column":null}},"64":{"start":{"line":96,"column":2},"end":{"line":96,"column":null}},"65":{"start":{"line":98,"column":2},"end":{"line":98,"column":null}},"66":{"start":{"line":99,"column":2},"end":{"line":99,"column":null}},"67":{"start":{"line":103,"column":0},"end":{"line":103,"column":null}},"68":{"start":{"line":104,"column":0},"end":{"line":123,"column":1}},"69":{"start":{"line":105,"column":18},"end":{"line":105,"column":52}},"70":{"start":{"line":106,"column":18},"end":{"line":106,"column":86}},"71":{"start":{"line":108,"column":17},"end":{"line":112,"column":null}},"72":{"start":{"line":115,"column":2},"end":{"line":115,"column":null}},"73":{"start":{"line":115,"column":40},"end":{"line":115,"column":null}},"74":{"start":{"line":116,"column":2},"end":{"line":116,"column":null}},"75":{"start":{"line":116,"column":36},"end":{"line":116,"column":null}},"76":{"start":{"line":118,"column":2},"end":{"line":118,"column":null}},"77":{"start":{"line":119,"column":2},"end":{"line":119,"column":null}},"78":{"start":{"line":121,"column":2},"end":{"line":121,"column":null}},"79":{"start":{"line":122,"column":2},"end":{"line":122,"column":null}},"80":{"start":{"line":126,"column":0},"end":{"line":126,"column":null}},"81":{"start":{"line":127,"column":0},"end":{"line":150,"column":1}},"82":{"start":{"line":128,"column":18},"end":{"line":128,"column":52}},"83":{"start":{"line":131,"column":15},"end":{"line":131,"column":57}},"84":{"start":{"line":133,"column":17},"end":{"line":137,"column":null}},"85":{"start":{"line":140,"column":2},"end":{"line":142,"column":3}},"86":{"start":{"line":141,"column":4},"end":{"line":141,"column":null}},"87":{"start":{"line":144,"column":2},"end":{"line":144,"column":null}},"88":{"start":{"line":145,"column":2},"end":{"line":145,"column":null}},"89":{"start":{"line":146,"column":2},"end":{"line":146,"column":null}},"90":{"start":{"line":148,"column":2},"end":{"line":148,"column":null}},"91":{"start":{"line":149,"column":2},"end":{"line":149,"column":null}},"92":{"start":{"line":153,"column":0},"end":{"line":153,"column":null}},"93":{"start":{"line":154,"column":0},"end":{"line":194,"column":1}},"94":{"start":{"line":155,"column":18},"end":{"line":155,"column":52}},"95":{"start":{"line":156,"column":19},"end":{"line":156,"column":80}},"96":{"start":{"line":158,"column":20},"end":{"line":162,"column":null}},"97":{"start":{"line":165,"column":23},"end":{"line":169,"column":null}},"98":{"start":{"line":172,"column":2},"end":{"line":172,"column":null}},"99":{"start":{"line":172,"column":43},"end":{"line":172,"column":null}},"100":{"start":{"line":173,"column":2},"end":{"line":173,"column":null}},"101":{"start":{"line":173,"column":40},"end":{"line":173,"column":null}},"102":{"start":{"line":176,"column":21},"end":{"line":180,"column":null}},"103":{"start":{"line":183,"column":2},"end":{"line":185,"column":3}},"104":{"start":{"line":184,"column":4},"end":{"line":184,"column":null}},"105":{"start":{"line":187,"column":2},"end":{"line":187,"column":null}},"106":{"start":{"line":188,"column":2},"end":{"line":188,"column":null}},"107":{"start":{"line":189,"column":2},"end":{"line":189,"column":null}},"108":{"start":{"line":190,"column":2},"end":{"line":190,"column":null}},"109":{"start":{"line":192,"column":2},"end":{"line":192,"column":null}},"110":{"start":{"line":193,"column":2},"end":{"line":193,"column":null}},"111":{"start":{"line":197,"column":0},"end":{"line":197,"column":null}},"112":{"start":{"line":198,"column":0},"end":{"line":219,"column":1}},"113":{"start":{"line":199,"column":16},"end":{"line":204,"column":null}},"114":{"start":{"line":206,"column":2},"end":{"line":212,"column":null}},"115":{"start":{"line":207,"column":19},"end":{"line":207,"column":48}},"116":{"start":{"line":208,"column":4},"end":{"line":208,"column":null}},"117":{"start":{"line":209,"column":4},"end":{"line":211,"column":5}},"118":{"start":{"line":210,"column":6},"end":{"line":210,"column":null}},"119":{"start":{"line":214,"column":2},"end":{"line":214,"column":null}},"120":{"start":{"line":215,"column":2},"end":{"line":215,"column":null}},"121":{"start":{"line":217,"column":2},"end":{"line":217,"column":null}},"122":{"start":{"line":218,"column":2},"end":{"line":218,"column":null}},"123":{"start":{"line":222,"column":0},"end":{"line":222,"column":null}},"124":{"start":{"line":223,"column":0},"end":{"line":247,"column":1}},"125":{"start":{"line":224,"column":18},"end":{"line":224,"column":56}},"126":{"start":{"line":227,"column":2},"end":{"line":229,"column":3}},"127":{"start":{"line":228,"column":4},"end":{"line":228,"column":null}},"128":{"start":{"line":230,"column":2},"end":{"line":232,"column":3}},"129":{"start":{"line":231,"column":4},"end":{"line":231,"column":null}},"130":{"start":{"line":235,"column":2},"end":{"line":237,"column":3}},"131":{"start":{"line":236,"column":4},"end":{"line":236,"column":null}},"132":{"start":{"line":238,"column":2},"end":{"line":240,"column":3}},"133":{"start":{"line":239,"column":4},"end":{"line":239,"column":null}},"134":{"start":{"line":242,"column":2},"end":{"line":242,"column":null}},"135":{"start":{"line":243,"column":2},"end":{"line":243,"column":null}},"136":{"start":{"line":245,"column":2},"end":{"line":245,"column":null}},"137":{"start":{"line":246,"column":2},"end":{"line":246,"column":null}},"138":{"start":{"line":250,"column":0},"end":{"line":250,"column":null}},"139":{"start":{"line":251,"column":0},"end":{"line":273,"column":1}},"140":{"start":{"line":252,"column":18},"end":{"line":252,"column":56}},"141":{"start":{"line":254,"column":16},"end":{"line":258,"column":null}},"142":{"start":{"line":260,"column":2},"end":{"line":266,"column":null}},"143":{"start":{"line":261,"column":19},"end":{"line":261,"column":57}},"144":{"start":{"line":262,"column":4},"end":{"line":262,"column":null}},"145":{"start":{"line":263,"column":4},"end":{"line":265,"column":5}},"146":{"start":{"line":264,"column":6},"end":{"line":264,"column":null}},"147":{"start":{"line":268,"column":2},"end":{"line":268,"column":null}},"148":{"start":{"line":269,"column":2},"end":{"line":269,"column":null}},"149":{"start":{"line":271,"column":2},"end":{"line":271,"column":null}},"150":{"start":{"line":272,"column":2},"end":{"line":272,"column":null}},"151":{"start":{"line":276,"column":0},"end":{"line":276,"column":null}},"152":{"start":{"line":277,"column":0},"end":{"line":277,"column":null}},"153":{"start":{"line":278,"column":0},"end":{"line":278,"column":null}},"154":{"start":{"line":279,"column":0},"end":{"line":279,"column":null}},"155":{"start":{"line":280,"column":0},"end":{"line":280,"column":null}},"156":{"start":{"line":281,"column":0},"end":{"line":281,"column":null}},"157":{"start":{"line":282,"column":0},"end":{"line":282,"column":null}},"158":{"start":{"line":283,"column":0},"end":{"line":283,"column":null}},"159":{"start":{"line":285,"column":0},"end":{"line":291,"column":1}},"160":{"start":{"line":286,"column":2},"end":{"line":286,"column":null}},"161":{"start":{"line":287,"column":2},"end":{"line":287,"column":null}},"162":{"start":{"line":289,"column":2},"end":{"line":289,"column":null}},"163":{"start":{"line":290,"column":2},"end":{"line":290,"column":null}},"164":{"start":{"line":295,"column":0},"end":{"line":298,"column":null}},"165":{"start":{"line":296,"column":2},"end":{"line":296,"column":null}},"166":{"start":{"line":297,"column":2},"end":{"line":297,"column":null}}},"fnMap":{"0":{"name":"runTests","decl":{"start":{"line":9,"column":15},"end":{"line":9,"column":23}},"loc":{"start":{"line":9,"column":23},"end":{"line":292,"column":1}}},"1":{"name":"(anonymous_1)","decl":{"start":{"line":206,"column":16},"end":{"line":206,"column":17}},"loc":{"start":{"line":206,"column":38},"end":{"line":212,"column":3}}},"2":{"name":"(anonymous_2)","decl":{"start":{"line":260,"column":16},"end":{"line":260,"column":17}},"loc":{"start":{"line":260,"column":50},"end":{"line":266,"column":3}}},"3":{"name":"(anonymous_3)","decl":{"start":{"line":295,"column":17},"end":{"line":295,"column":22}},"loc":{"start":{"line":295,"column":25},"end":{"line":298,"column":1}}}},"branchMap":{"0":{"loc":{"start":{"line":21,"column":2},"end":{"line":21,"column":null}},"type":"if","locations":[{"start":{"line":21,"column":2},"end":{"line":21,"column":null}}]},"1":{"loc":{"start":{"line":22,"column":2},"end":{"line":22,"column":null}},"type":"if","locations":[{"start":{"line":22,"column":2},"end":{"line":22,"column":null}}]},"2":{"loc":{"start":{"line":23,"column":2},"end":{"line":23,"column":null}},"type":"if","locations":[{"start":{"line":23,"column":2},"end":{"line":23,"column":null}}]},"3":{"loc":{"start":{"line":24,"column":2},"end":{"line":24,"column":null}},"type":"if","locations":[{"start":{"line":24,"column":2},"end":{"line":24,"column":null}}]},"4":{"loc":{"start":{"line":40,"column":2},"end":{"line":40,"column":null}},"type":"if","locations":[{"start":{"line":40,"column":2},"end":{"line":40,"column":null}}]},"5":{"loc":{"start":{"line":41,"column":2},"end":{"line":43,"column":3}},"type":"if","locations":[{"start":{"line":41,"column":2},"end":{"line":43,"column":3}}]},"6":{"loc":{"start":{"line":41,"column":6},"end":{"line":41,"column":62}},"type":"binary-expr","locations":[{"start":{"line":41,"column":6},"end":{"line":41,"column":32}},{"start":{"line":41,"column":36},"end":{"line":41,"column":62}}]},"7":{"loc":{"start":{"line":44,"column":2},"end":{"line":44,"column":null}},"type":"if","locations":[{"start":{"line":44,"column":2},"end":{"line":44,"column":null}}]},"8":{"loc":{"start":{"line":63,"column":2},"end":{"line":63,"column":null}},"type":"if","locations":[{"start":{"line":63,"column":2},"end":{"line":63,"column":null}}]},"9":{"loc":{"start":{"line":70,"column":4},"end":{"line":70,"column":null}},"type":"if","locations":[{"start":{"line":70,"column":4},"end":{"line":70,"column":null}}]},"10":{"loc":{"start":{"line":90,"column":2},"end":{"line":92,"column":3}},"type":"if","locations":[{"start":{"line":90,"column":2},"end":{"line":92,"column":3}}]},"11":{"loc":{"start":{"line":115,"column":2},"end":{"line":115,"column":null}},"type":"if","locations":[{"start":{"line":115,"column":2},"end":{"line":115,"column":null}}]},"12":{"loc":{"start":{"line":116,"column":2},"end":{"line":116,"column":null}},"type":"if","locations":[{"start":{"line":116,"column":2},"end":{"line":116,"column":null}}]},"13":{"loc":{"start":{"line":140,"column":2},"end":{"line":142,"column":3}},"type":"if","locations":[{"start":{"line":140,"column":2},"end":{"line":142,"column":3}}]},"14":{"loc":{"start":{"line":172,"column":2},"end":{"line":172,"column":null}},"type":"if","locations":[{"start":{"line":172,"column":2},"end":{"line":172,"column":null}}]},"15":{"loc":{"start":{"line":173,"column":2},"end":{"line":173,"column":null}},"type":"if","locations":[{"start":{"line":173,"column":2},"end":{"line":173,"column":null}}]},"16":{"loc":{"start":{"line":183,"column":2},"end":{"line":185,"column":3}},"type":"if","locations":[{"start":{"line":183,"column":2},"end":{"line":185,"column":3}}]},"17":{"loc":{"start":{"line":209,"column":4},"end":{"line":211,"column":5}},"type":"if","locations":[{"start":{"line":209,"column":4},"end":{"line":211,"column":5}}]},"18":{"loc":{"start":{"line":227,"column":2},"end":{"line":229,"column":3}},"type":"if","locations":[{"start":{"line":227,"column":2},"end":{"line":229,"column":3}}]},"19":{"loc":{"start":{"line":230,"column":2},"end":{"line":232,"column":3}},"type":"if","locations":[{"start":{"line":230,"column":2},"end":{"line":232,"column":3}}]},"20":{"loc":{"start":{"line":235,"column":2},"end":{"line":237,"column":3}},"type":"if","locations":[{"start":{"line":235,"column":2},"end":{"line":237,"column":3}}]},"21":{"loc":{"start":{"line":238,"column":2},"end":{"line":240,"column":3}},"type":"if","locations":[{"start":{"line":238,"column":2},"end":{"line":240,"column":3}}]},"22":{"loc":{"start":{"line":263,"column":4},"end":{"line":265,"column":5}},"type":"if","locations":[{"start":{"line":263,"column":4},"end":{"line":265,"column":5}}]},"23":{"loc":{"start":{"line":285,"column":0},"end":{"line":291,"column":1}},"type":"if","locations":[{"start":{"line":285,"column":0},"end":{"line":291,"column":1}},{"start":{"line":288,"column":7},"end":{"line":291,"column":1}}]}},"s":{"0":0,"1":0,"2":0,"3":0,"4":0,"5":0,"6":0,"7":0,"8":0,"9":0,"10":0,"11":0,"12":0,"13":0,"14":0,"15":0,"16":0,"17":0,"18":0,"19":0,"20":0,"21":0,"22":0,"23":0,"24":0,"25":0,"26":0,"27":0,"28":0,"29":0,"30":0,"31":0,"32":0,"33":0,"34":0,"35":0,"36":0,"37":0,"38":0,"39":0,"40":0,"41":0,"42":0,"43":0,"44":0,"45":0,"46":0,"47":0,"48":0,"49":0,"50":0,"51":0,"52":0,"53":0,"54":0,"55":0,"56":0,"57":0,"58":0,"59":0,"60":0,"61":0,"62":0,"63":0,"64":0,"65":0,"66":0,"67":0,"68":0,"69":0,"70":0,"71":0,"72":0,"73":0,"74":0,"75":0,"76":0,"77":0,"78":0,"79":0,"80":0,"81":0,"82":0,"83":0,"84":0,"85":0,"86":0,"87":0,"88":0,"89":0,"90":0,"91":0,"92":0,"93":0,"94":0,"95":0,"96":0,"97":0,"98":0,"99":0,"100":0,"101":0,"102":0,"103":0,"104":0,"105":0,"106":0,"107":0,"108":0,"109":0,"110":0,"111":0,"112":0,"113":0,"114":0,"115":0,"116":0,"117":0,"118":0,"119":0,"120":0,"121":0,"122":0,"123":0,"124":0,"125":0,"126":0,"127":0,"128":0,"129":0,"130":0,"131":0,"132":0,"133":0,"134":0,"135":0,"136":0,"137":0,"138":0,"139":0,"140":0,"141":0,"142":0,"143":0,"144":0,"145":0,"146":0,"147":0,"148":0,"149":0,"150":0,"151":0,"152":0,"153":0,"154":0,"155":0,"156":0,"157":0,"158":0,"159":0,"160":0,"161":0,"162":0,"163":0,"164":0,"165":0,"166":0},"f":{"0":0,"1":0,"2":0,"3":0},"b":{"0":[0],"1":[0],"2":[0],"3":[0],"4":[0],"5":[0],"6":[0,0],"7":[0],"8":[0],"9":[0],"10":[0],"11":[0],"12":[0],"13":[0],"14":[0],"15":[0],"16":[0],"17":[0],"18":[0],"19":[0],"20":[0],"21":[0],"22":[0],"23":[0,0]}}
}
