TN:
SF:src/main/WalletManager.ts
FN:55,(anonymous_9)
FN:74,(anonymous_10)
FN:89,(anonymous_11)
FN:144,(anonymous_12)
FN:169,(anonymous_13)
FN:222,(anonymous_14)
FN:246,(anonymous_15)
FN:286,(anonymous_16)
FN:335,(anonymous_17)
FN:366,(anonymous_18)
FN:392,(anonymous_19)
FN:430,(anonymous_20)
FN:444,(anonymous_21)
FN:458,(anonymous_22)
FN:473,(anonymous_23)
FN:488,(anonymous_24)
FN:502,(anonymous_25)
FN:518,(anonymous_26)
FN:537,(anonymous_27)
FN:552,(anonymous_28)
FN:606,(anonymous_29)
FN:619,(anonymous_30)
FN:646,(anonymous_31)
FNF:23
FNH:0
FNDA:0,(anonymous_9)
FNDA:0,(anonymous_10)
FNDA:0,(anonymous_11)
FNDA:0,(anonymous_12)
FNDA:0,(anonymous_13)
FNDA:0,(anonymous_14)
FNDA:0,(anonymous_15)
FNDA:0,(anonymous_16)
FNDA:0,(anonymous_17)
FNDA:0,(anonymous_18)
FNDA:0,(anonymous_19)
FNDA:0,(anonymous_20)
FNDA:0,(anonymous_21)
FNDA:0,(anonymous_22)
FNDA:0,(anonymous_23)
FNDA:0,(anonymous_24)
FNDA:0,(anonymous_25)
FNDA:0,(anonymous_26)
FNDA:0,(anonymous_27)
FNDA:0,(anonymous_28)
FNDA:0,(anonymous_29)
FNDA:0,(anonymous_30)
FNDA:0,(anonymous_31)
DA:1,0
DA:2,0
DA:3,0
DA:4,0
DA:5,0
DA:6,0
DA:7,0
DA:48,0
DA:49,0
DA:57,0
DA:58,0
DA:62,0
DA:63,0
DA:66,0
DA:75,0
DA:76,0
DA:77,0
DA:78,0
DA:79,0
DA:80,0
DA:90,0
DA:92,0
DA:97,0
DA:99,0
DA:100,0
DA:101,0
DA:103,0
DA:104,0
DA:106,0
DA:107,0
DA:109,0
DA:111,0
DA:113,0
DA:117,0
DA:120,0
DA:123,0
DA:132,0
DA:133,0
DA:149,0
DA:151,0
DA:152,0
DA:153,0
DA:156,0
DA:157,0
DA:176,0
DA:178,0
DA:183,0
DA:185,0
DA:186,0
DA:187,0
DA:188,0
DA:190,0
DA:191,0
DA:192,0
DA:194,0
DA:198,0
DA:200,0
DA:202,0
DA:211,0
DA:212,0
DA:226,0
DA:227,0
DA:229,0
DA:230,0
DA:232,0
DA:234,0
DA:237,0
DA:247,0
DA:249,0
DA:252,0
DA:253,0
DA:257,0
DA:258,0
DA:262,0
DA:263,0
DA:267,0
DA:269,0
DA:274,0
DA:275,0
DA:277,0
DA:287,0
DA:291,0
DA:293,0
DA:295,0
DA:297,0
DA:298,0
DA:299,0
DA:301,0
DA:304,0
DA:309,0
DA:310,0
DA:314,0
DA:316,0
DA:321,0
DA:322,0
DA:324,0
DA:340,0
DA:342,0
DA:344,0
DA:345,0
DA:348,0
DA:349,0
DA:350,0
DA:351,0
DA:353,0
DA:356,0
DA:370,0
DA:372,0
DA:375,0
DA:377,0
DA:382,0
DA:396,0
DA:398,0
DA:401,0
DA:404,0
DA:405,0
DA:409,0
DA:413,0
DA:414,0
DA:416,0
DA:421,0
DA:431,0
DA:432,0
DA:433,0
DA:435,0
DA:445,0
DA:446,0
DA:447,0
DA:449,0
DA:459,0
DA:461,0
DA:463,0
DA:464,0
DA:474,0
DA:476,0
DA:478,0
DA:479,0
DA:489,0
DA:490,0
DA:491,0
DA:493,0
DA:503,0
DA:504,0
DA:505,0
DA:506,0
DA:508,0
DA:519,0
DA:520,0
DA:521,0
DA:522,0
DA:524,0
DA:526,0
DA:528,0
DA:538,0
DA:553,0
DA:555,0
DA:556,0
DA:562,0
DA:564,0
DA:565,0
DA:570,0
DA:577,0
DA:579,0
DA:580,0
DA:585,0
DA:593,0
DA:596,0
DA:597,0
DA:609,0
DA:610,0
DA:613,0
DA:614,0
DA:615,0
DA:616,0
DA:619,0
DA:621,0
DA:623,0
DA:633,0
DA:635,0
DA:636,0
DA:647,0
DA:648,0
DA:649,0
DA:650,0
DA:654,0
DA:656,0
LF:186
LH:0
BRDA:57,0,0,0
BRDA:57,1,0,0
BRDA:57,1,1,0
BRDA:62,2,0,0
BRDA:75,3,0,0
BRDA:76,4,0,0
BRDA:77,5,0,0
BRDA:78,6,0,0
BRDA:79,7,0,0
BRDA:97,8,0,0
BRDA:97,8,1,0
BRDA:104,9,0,0
BRDA:104,9,1,0
BRDA:147,10,0,0
BRDA:173,11,0,0
BRDA:183,12,0,0
BRDA:183,12,1,0
BRDA:188,13,0,0
BRDA:188,13,1,0
BRDA:227,14,0,0
BRDA:227,14,1,0
BRDA:230,15,0,0
BRDA:230,15,1,0
BRDA:252,16,0,0
BRDA:257,17,0,0
BRDA:262,18,0,0
BRDA:274,19,0,0
BRDA:298,20,0,0
BRDA:298,20,1,0
BRDA:309,21,0,0
BRDA:321,22,0,0
BRDA:321,23,0,0
BRDA:321,23,1,0
BRDA:344,24,0,0
BRDA:348,25,0,0
BRDA:348,25,1,0
BRDA:350,26,0,0
BRDA:350,26,1,0
BRDA:372,27,0,0
BRDA:372,27,1,0
BRDA:398,28,0,0
BRDA:398,28,1,0
BRDA:430,29,0,0
BRDA:432,30,0,0
BRDA:432,30,1,0
BRDA:520,31,0,0
BRDA:520,31,1,0
BRDA:522,32,0,0
BRDA:524,33,0,0
BRDA:524,33,1,0
BRDA:555,34,0,0
BRDA:562,35,0,0
BRDA:562,35,1,0
BRDA:577,36,0,0
BRDA:577,36,1,0
BRDA:627,37,0,0
BRDA:627,37,1,0
BRDA:646,38,0,0
BRDA:649,39,0,0
BRF:59
BRH:0
end_of_record
TN:
SF:src/main/database.ts
FN:13,(anonymous_1)
FN:22,(anonymous_2)
FN:37,(anonymous_3)
FN:71,(anonymous_4)
FN:106,(anonymous_5)
FN:125,(anonymous_6)
FN:136,(anonymous_7)
FN:156,(anonymous_8)
FN:176,(anonymous_9)
FN:197,(anonymous_10)
FN:217,(anonymous_11)
FN:236,(anonymous_12)
FN:254,(anonymous_13)
FNF:13
FNH:0
FNDA:0,(anonymous_1)
FNDA:0,(anonymous_2)
FNDA:0,(anonymous_3)
FNDA:0,(anonymous_4)
FNDA:0,(anonymous_5)
FNDA:0,(anonymous_6)
FNDA:0,(anonymous_7)
FNDA:0,(anonymous_8)
FNDA:0,(anonymous_9)
FNDA:0,(anonymous_10)
FNDA:0,(anonymous_11)
FNDA:0,(anonymous_12)
FNDA:0,(anonymous_13)
DA:1,0
DA:2,0
DA:3,0
DA:10,0
DA:11,0
DA:15,0
DA:16,0
DA:23,0
DA:24,0
DA:25,0
DA:26,0
DA:27,0
DA:29,0
DA:30,0
DA:38,0
DA:40,0
DA:51,0
DA:52,0
DA:55,0
DA:56,0
DA:57,0
DA:59,0
DA:61,0
DA:62,0
DA:72,0
DA:75,0
DA:76,0
DA:77,0
DA:80,0
DA:81,0
DA:83,0
DA:88,0
DA:89,0
DA:90,0
DA:91,0
DA:92,0
DA:94,0
DA:95,0
DA:97,0
DA:98,0
DA:107,0
DA:109,0
DA:111,0
DA:112,0
DA:113,0
DA:114,0
DA:116,0
DA:117,0
DA:126,0
DA:127,0
DA:128,0
DA:137,0
DA:139,0
DA:141,0
DA:142,0
DA:143,0
DA:144,0
DA:146,0
DA:147,0
DA:157,0
DA:159,0
DA:161,0
DA:162,0
DA:163,0
DA:164,0
DA:166,0
DA:167,0
DA:177,0
DA:179,0
DA:181,0
DA:182,0
DA:183,0
DA:184,0
DA:186,0
DA:187,0
DA:198,0
DA:200,0
DA:202,0
DA:203,0
DA:204,0
DA:205,0
DA:207,0
DA:208,0
DA:218,0
DA:220,0
DA:222,0
DA:223,0
DA:224,0
DA:225,0
DA:227,0
DA:228,0
DA:237,0
DA:239,0
DA:241,0
DA:242,0
DA:243,0
DA:244,0
DA:246,0
DA:247,0
DA:255,0
DA:256,0
DA:257,0
DA:258,0
DA:264,0
LF:104
LH:0
BRDA:38,0,0,0
BRDA:72,1,0,0
BRDA:76,2,0,0
BRDA:94,3,0,0
BRDA:107,4,0,0
BRDA:126,5,0,0
BRDA:137,6,0,0
BRDA:144,7,0,0
BRDA:144,7,1,0
BRDA:157,8,0,0
BRDA:164,9,0,0
BRDA:164,9,1,0
BRDA:177,10,0,0
BRDA:198,11,0,0
BRDA:218,12,0,0
BRDA:237,13,0,0
BRDA:255,14,0,0
BRF:17
BRH:0
end_of_record
TN:
SF:src/main/ipcHandlers.ts
FN:21,withTimeout
FN:26,(anonymous_1)
FN:27,(anonymous_2)
FN:49,registerIPCHandlers
FN:53,(anonymous_4)
FN:113,(anonymous_5)
FN:184,(anonymous_6)
FN:208,(anonymous_7)
FN:265,(anonymous_8)
FN:296,(anonymous_9)
FN:328,(anonymous_10)
FN:363,removeIPCHandlers
FN:364,(anonymous_12)
FNF:13
FNH:0
FNDA:0,withTimeout
FNDA:0,(anonymous_1)
FNDA:0,(anonymous_2)
FNDA:0,registerIPCHandlers
FNDA:0,(anonymous_4)
FNDA:0,(anonymous_5)
FNDA:0,(anonymous_6)
FNDA:0,(anonymous_7)
FNDA:0,(anonymous_8)
FNDA:0,(anonymous_9)
FNDA:0,(anonymous_10)
FNDA:0,removeIPCHandlers
FNDA:0,(anonymous_12)
DA:1,0
DA:2,0
DA:3,0
DA:4,0
DA:5,0
DA:26,0
DA:27,0
DA:30,0
DA:36,0
DA:49,0
DA:51,0
DA:54,0
DA:55,0
DA:58,0
DA:59,0
DA:66,0
DA:69,0
DA:72,0
DA:73,0
DA:74,0
DA:81,0
DA:89,0
DA:91,0
DA:92,0
DA:101,0
DA:102,0
DA:111,0
DA:114,0
DA:115,0
DA:118,0
DA:119,0
DA:125,0
DA:126,0
DA:132,0
DA:133,0
DA:140,0
DA:143,0
DA:146,0
DA:155,0
DA:161,0
DA:163,0
DA:164,0
DA:172,0
DA:173,0
DA:182,0
DA:185,0
DA:186,0
DA:188,0
DA:190,0
DA:191,0
DA:196,0
DA:197,0
DA:206,0
DA:209,0
DA:210,0
DA:212,0
DA:213,0
DA:222,0
DA:223,0
DA:228,0
DA:229,0
DA:235,0
DA:241,0
DA:247,0
DA:248,0
DA:253,0
DA:254,0
DA:263,0
DA:266,0
DA:267,0
DA:269,0
DA:270,0
DA:276,0
DA:278,0
DA:279,0
DA:284,0
DA:285,0
DA:294,0
DA:297,0
DA:298,0
DA:300,0
DA:301,0
DA:307,0
DA:309,0
DA:310,0
DA:316,0
DA:317,0
DA:326,0
DA:329,0
DA:330,0
DA:332,0
DA:333,0
DA:339,0
DA:341,0
DA:342,0
DA:348,0
DA:349,0
DA:357,0
DA:363,0
DA:364,0
DA:365,0
DA:367,0
LF:102
LH:0
BRDA:24,0,0,0
BRDA:58,1,0,0
BRDA:58,2,0,0
BRDA:58,2,1,0
BRDA:58,2,2,0
BRDA:73,3,0,0
BRDA:104,4,0,0
BRDA:104,4,1,0
BRDA:118,5,0,0
BRDA:118,6,0,0
BRDA:118,6,1,0
BRDA:118,6,2,0
BRDA:125,7,0,0
BRDA:125,8,0,0
BRDA:125,8,1,0
BRDA:132,9,0,0
BRDA:132,10,0,0
BRDA:132,10,1,0
BRDA:143,11,0,0
BRDA:143,11,1,0
BRDA:175,12,0,0
BRDA:175,12,1,0
BRDA:199,13,0,0
BRDA:199,13,1,0
BRDA:212,14,0,0
BRDA:212,15,0,0
BRDA:212,15,1,0
BRDA:222,16,0,0
BRDA:222,16,1,0
BRDA:228,17,0,0
BRDA:228,17,1,0
BRDA:256,18,0,0
BRDA:256,18,1,0
BRDA:269,19,0,0
BRDA:278,20,0,0
BRDA:278,20,1,0
BRDA:287,21,0,0
BRDA:287,21,1,0
BRDA:300,22,0,0
BRDA:300,23,0,0
BRDA:300,23,1,0
BRDA:309,24,0,0
BRDA:309,24,1,0
BRDA:313,25,0,0
BRDA:313,25,1,0
BRDA:319,26,0,0
BRDA:319,26,1,0
BRDA:332,27,0,0
BRDA:341,28,0,0
BRDA:341,28,1,0
BRDA:345,29,0,0
BRDA:345,29,1,0
BRDA:351,30,0,0
BRDA:351,30,1,0
BRF:54
BRH:0
end_of_record
TN:
SF:src/main/main.ts
FN:7,(anonymous_1)
FN:12,(anonymous_2)
FN:19,(anonymous_3)
FN:46,(anonymous_4)
FN:51,(anonymous_5)
FN:61,(anonymous_6)
FN:75,(anonymous_7)
FN:85,(anonymous_8)
FN:92,(anonymous_9)
FNF:9
FNH:0
FNDA:0,(anonymous_1)
FNDA:0,(anonymous_2)
FNDA:0,(anonymous_3)
FNDA:0,(anonymous_4)
FNDA:0,(anonymous_5)
FNDA:0,(anonymous_6)
FNDA:0,(anonymous_7)
FNDA:0,(anonymous_8)
FNDA:0,(anonymous_9)
DA:1,0
DA:2,0
DA:3,0
DA:4,0
DA:7,0
DA:8,0
DA:12,0
DA:13,0
DA:17,0
DA:19,0
DA:20,0
DA:37,0
DA:38,0
DA:40,0
DA:43,0
DA:46,0
DA:47,0
DA:51,0
DA:52,0
DA:53,0
DA:57,0
DA:61,0
DA:63,0
DA:64,0
DA:65,0
DA:67,0
DA:71,0
DA:73,0
DA:75,0
DA:78,0
DA:79,0
DA:85,0
DA:86,0
DA:87,0
DA:92,0
DA:94,0
DA:96,0
LF:37
LH:0
BRDA:37,0,0,0
BRDA:37,0,1,0
BRDA:78,1,0,0
BRDA:86,2,0,0
BRF:4
BRH:0
end_of_record
TN:
SF:src/renderer/App.tsx
FN:52,(anonymous_10)
FN:66,(anonymous_11)
FN:70,(anonymous_12)
FN:81,(anonymous_13)
FN:93,(anonymous_14)
FN:109,(anonymous_15)
FN:114,(anonymous_16)
FN:255,(anonymous_17)
FN:258,(anonymous_18)
FNF:9
FNH:0
FNDA:0,(anonymous_10)
FNDA:0,(anonymous_11)
FNDA:0,(anonymous_12)
FNDA:0,(anonymous_13)
FNDA:0,(anonymous_14)
FNDA:0,(anonymous_15)
FNDA:0,(anonymous_16)
FNDA:0,(anonymous_17)
FNDA:0,(anonymous_18)
DA:6,0
DA:7,0
DA:8,0
DA:21,0
DA:24,0
DA:25,0
DA:26,0
DA:27,0
DA:28,0
DA:29,0
DA:31,0
DA:32,0
DA:50,0
DA:52,0
DA:53,0
DA:54,0
DA:55,0
DA:57,0
DA:66,0
DA:67,0
DA:70,0
DA:71,0
DA:72,0
DA:73,0
DA:74,0
DA:76,0
DA:81,0
DA:83,0
DA:89,0
DA:90,0
DA:93,0
DA:94,0
DA:95,0
DA:98,0
DA:104,0
DA:109,0
DA:110,0
DA:111,0
DA:112,0
DA:114,0
DA:115,0
DA:116,0
DA:120,0
DA:129,0
DA:213,0
DA:255,0
DA:256,0
DA:258,0
DA:259,0
DA:260,0
DA:263,0
DA:270,0
LF:52
LH:0
BRDA:54,0,0,0
BRDA:72,1,0,0
BRDA:115,2,0,0
BRDA:265,3,0,0
BRDA:265,3,1,0
BRF:5
BRH:0
end_of_record
TN:
SF:src/renderer/BSCBalanceChecker.tsx
FN:9,BSCBalanceChecker
FN:14,(anonymous_1)
FN:39,(anonymous_2)
FN:61,(anonymous_3)
FN:107,(anonymous_4)
FN:111,(anonymous_5)
FNF:6
FNH:0
FNDA:0,BSCBalanceChecker
FNDA:0,(anonymous_1)
FNDA:0,(anonymous_2)
FNDA:0,(anonymous_3)
FNDA:0,(anonymous_4)
FNDA:0,(anonymous_5)
DA:1,0
DA:2,0
DA:3,0
DA:4,0
DA:5,0
DA:7,0
DA:10,0
DA:11,0
DA:12,0
DA:14,0
DA:15,0
DA:16,0
DA:17,0
DA:20,0
DA:21,0
DA:22,0
DA:23,0
DA:24,0
DA:26,0
DA:27,0
DA:29,0
DA:34,0
DA:39,0
DA:40,0
DA:41,0
DA:44,0
DA:61,0
DA:108,0
DA:111,0
DA:125,0
LF:30
LH:0
BRDA:15,0,0,0
BRDA:26,1,0,0
BRDA:26,1,1,0
BRDA:83,2,0,0
BRDA:83,2,1,0
BRF:5
BRH:0
end_of_record
TN:
SF:src/renderer/ImportWalletModal.tsx
FN:25,ImportWalletModal
FN:31,(anonymous_1)
FN:69,(anonymous_2)
FN:75,(anonymous_3)
FN:89,(anonymous_4)
FN:111,(anonymous_5)
FN:129,(anonymous_6)
FN:182,(anonymous_7)
FN:219,(anonymous_8)
FNF:9
FNH:0
FNDA:0,ImportWalletModal
FNDA:0,(anonymous_1)
FNDA:0,(anonymous_2)
FNDA:0,(anonymous_3)
FNDA:0,(anonymous_4)
FNDA:0,(anonymous_5)
FNDA:0,(anonymous_6)
FNDA:0,(anonymous_7)
FNDA:0,(anonymous_8)
DA:1,0
DA:2,0
DA:13,0
DA:16,0
DA:17,0
DA:26,0
DA:27,0
DA:28,0
DA:31,0
DA:32,0
DA:33,0
DA:35,0
DA:42,0
DA:43,0
DA:45,0
DA:46,0
DA:47,0
DA:52,0
DA:54,0
DA:55,0
DA:56,0
DA:57,0
DA:59,0
DA:62,0
DA:64,0
DA:69,0
DA:70,0
DA:71,0
DA:75,0
DA:76,0
DA:77,0
DA:78,0
DA:79,0
DA:82,0
DA:83,0
DA:85,0
DA:89,0
DA:90,0
DA:91,0
DA:93,0
DA:95,0
DA:96,0
DA:97,0
DA:101,0
DA:102,0
DA:105,0
DA:107,0
DA:111,0
DA:112,0
DA:114,0
DA:115,0
DA:118,0
DA:129,0
DA:183,0
DA:184,0
DA:186,0
DA:187,0
DA:188,0
DA:190,0
DA:191,0
DA:192,0
DA:220,0
DA:221,0
DA:222,0
DA:307,0
LF:65
LH:0
BRDA:42,0,0,0
BRDA:42,0,1,0
BRDA:46,1,0,0
BRDA:54,2,0,0
BRDA:54,2,1,0
BRDA:54,3,0,0
BRDA:54,3,1,0
BRDA:59,4,0,0
BRDA:59,4,1,0
BRDA:76,5,0,0
BRDA:78,6,0,0
BRDA:78,7,0,0
BRDA:78,7,1,0
BRDA:90,8,0,0
BRDA:96,9,0,0
BRDA:96,10,0,0
BRDA:96,10,1,0
BRDA:101,11,0,0
BRDA:101,12,0,0
BRDA:101,12,1,0
BRDA:175,13,0,0
BRDA:175,13,1,0
BRDA:183,14,0,0
BRDA:186,15,0,0
BRDA:186,15,1,0
BRDA:187,16,0,0
BRDA:190,17,0,0
BRDA:191,18,0,0
BRDA:220,19,0,0
BRDA:221,20,0,0
BRF:30
BRH:0
end_of_record
TN:
SF:src/renderer/LaunchTasks.tsx
FN:105,(anonymous_9)
FN:135,(anonymous_10)
FN:140,(anonymous_11)
FN:149,(anonymous_12)
FN:160,(anonymous_13)
FN:171,(anonymous_14)
FN:185,(anonymous_15)
FN:207,(anonymous_16)
FN:212,(anonymous_17)
FN:215,(anonymous_18)
FN:219,(anonymous_19)
FN:223,(anonymous_20)
FN:224,(anonymous_21)
FN:225,(anonymous_22)
FN:225,(anonymous_23)
FN:243,(anonymous_24)
FN:250,(anonymous_25)
FN:255,(anonymous_26)
FN:260,(anonymous_27)
FN:266,(anonymous_28)
FN:275,(anonymous_29)
FN:303,(anonymous_30)
FN:305,(anonymous_31)
FN:306,(anonymous_32)
FN:307,(anonymous_33)
FN:308,(anonymous_34)
FN:309,(anonymous_35)
FN:313,(anonymous_36)
FN:315,(anonymous_37)
FN:318,(anonymous_38)
FN:319,(anonymous_39)
FN:338,(anonymous_40)
FN:339,(anonymous_41)
FN:351,(anonymous_42)
FN:355,(anonymous_43)
FN:360,(anonymous_44)
FN:361,(anonymous_45)
FN:373,(anonymous_46)
FN:388,(anonymous_47)
FN:403,(anonymous_48)
FN:420,(anonymous_49)
FN:421,(anonymous_50)
FN:442,(anonymous_51)
FN:444,(anonymous_52)
FN:466,(anonymous_53)
FN:469,(anonymous_54)
FN:484,(anonymous_55)
FN:496,(anonymous_56)
FN:512,(anonymous_57)
FN:513,(anonymous_58)
FN:530,(anonymous_59)
FN:655,(anonymous_60)
FN:672,(anonymous_61)
FN:681,(anonymous_62)
FN:699,(anonymous_63)
FN:714,(anonymous_64)
FN:786,(anonymous_65)
FN:795,(anonymous_66)
FN:837,(anonymous_67)
FN:847,(anonymous_68)
FN:889,(anonymous_69)
FN:1011,(anonymous_70)
FN:1020,(anonymous_71)
FN:1031,(anonymous_72)
FNF:64
FNH:0
FNDA:0,(anonymous_9)
FNDA:0,(anonymous_10)
FNDA:0,(anonymous_11)
FNDA:0,(anonymous_12)
FNDA:0,(anonymous_13)
FNDA:0,(anonymous_14)
FNDA:0,(anonymous_15)
FNDA:0,(anonymous_16)
FNDA:0,(anonymous_17)
FNDA:0,(anonymous_18)
FNDA:0,(anonymous_19)
FNDA:0,(anonymous_20)
FNDA:0,(anonymous_21)
FNDA:0,(anonymous_22)
FNDA:0,(anonymous_23)
FNDA:0,(anonymous_24)
FNDA:0,(anonymous_25)
FNDA:0,(anonymous_26)
FNDA:0,(anonymous_27)
FNDA:0,(anonymous_28)
FNDA:0,(anonymous_29)
FNDA:0,(anonymous_30)
FNDA:0,(anonymous_31)
FNDA:0,(anonymous_32)
FNDA:0,(anonymous_33)
FNDA:0,(anonymous_34)
FNDA:0,(anonymous_35)
FNDA:0,(anonymous_36)
FNDA:0,(anonymous_37)
FNDA:0,(anonymous_38)
FNDA:0,(anonymous_39)
FNDA:0,(anonymous_40)
FNDA:0,(anonymous_41)
FNDA:0,(anonymous_42)
FNDA:0,(anonymous_43)
FNDA:0,(anonymous_44)
FNDA:0,(anonymous_45)
FNDA:0,(anonymous_46)
FNDA:0,(anonymous_47)
FNDA:0,(anonymous_48)
FNDA:0,(anonymous_49)
FNDA:0,(anonymous_50)
FNDA:0,(anonymous_51)
FNDA:0,(anonymous_52)
FNDA:0,(anonymous_53)
FNDA:0,(anonymous_54)
FNDA:0,(anonymous_55)
FNDA:0,(anonymous_56)
FNDA:0,(anonymous_57)
FNDA:0,(anonymous_58)
FNDA:0,(anonymous_59)
FNDA:0,(anonymous_60)
FNDA:0,(anonymous_61)
FNDA:0,(anonymous_62)
FNDA:0,(anonymous_63)
FNDA:0,(anonymous_64)
FNDA:0,(anonymous_65)
FNDA:0,(anonymous_66)
FNDA:0,(anonymous_67)
FNDA:0,(anonymous_68)
FNDA:0,(anonymous_69)
FNDA:0,(anonymous_70)
FNDA:0,(anonymous_71)
FNDA:0,(anonymous_72)
DA:6,0
DA:7,0
DA:14,0
DA:15,0
DA:17,0
DA:24,0
DA:30,0
DA:31,0
DA:32,0
DA:33,0
DA:105,0
DA:109,0
DA:110,0
DA:111,0
DA:114,0
DA:123,0
DA:126,0
DA:129,0
DA:130,0
DA:131,0
DA:135,0
DA:136,0
DA:137,0
DA:140,0
DA:141,0
DA:149,0
DA:150,0
DA:151,0
DA:152,0
DA:154,0
DA:155,0
DA:157,0
DA:160,0
DA:161,0
DA:162,0
DA:163,0
DA:164,0
DA:165,0
DA:166,0
DA:167,0
DA:171,0
DA:172,0
DA:173,0
DA:174,0
DA:175,0
DA:176,0
DA:177,0
DA:178,0
DA:185,0
DA:186,0
DA:187,0
DA:189,0
DA:190,0
DA:192,0
DA:193,0
DA:194,0
DA:196,0
DA:199,0
DA:200,0
DA:202,0
DA:207,0
DA:208,0
DA:212,0
DA:213,0
DA:215,0
DA:216,0
DA:219,0
DA:223,0
DA:224,0
DA:225,0
DA:226,0
DA:227,0
DA:228,0
DA:229,0
DA:230,0
DA:231,0
DA:232,0
DA:234,0
DA:236,0
DA:241,0
DA:243,0
DA:250,0
DA:251,0
DA:254,0
DA:255,0
DA:259,0
DA:260,0
DA:264,0
DA:265,0
DA:266,0
DA:267,0
DA:275,0
DA:276,0
DA:278,0
DA:280,0
DA:281,0
DA:283,0
DA:284,0
DA:286,0
DA:287,0
DA:289,0
DA:290,0
DA:292,0
DA:295,0
DA:298,0
DA:303,0
DA:304,0
DA:305,0
DA:306,0
DA:307,0
DA:308,0
DA:309,0
DA:311,0
DA:313,0
DA:314,0
DA:315,0
DA:318,0
DA:319,0
DA:321,0
DA:338,0
DA:339,0
DA:340,0
DA:341,0
DA:342,0
DA:344,0
DA:346,0
DA:351,0
DA:352,0
DA:353,0
DA:355,0
DA:360,0
DA:361,0
DA:362,0
DA:363,0
DA:364,0
DA:366,0
DA:368,0
DA:373,0
DA:374,0
DA:375,0
DA:377,0
DA:378,0
DA:380,0
DA:383,0
DA:388,0
DA:389,0
DA:390,0
DA:392,0
DA:393,0
DA:395,0
DA:398,0
DA:403,0
DA:404,0
DA:406,0
DA:407,0
DA:409,0
DA:410,0
DA:412,0
DA:415,0
DA:420,0
DA:421,0
DA:423,0
DA:424,0
DA:425,0
DA:428,0
DA:430,0
DA:431,0
DA:432,0
DA:434,0
DA:435,0
DA:437,0
DA:442,0
DA:443,0
DA:444,0
DA:447,0
DA:448,0
DA:449,0
DA:452,0
DA:454,0
DA:455,0
DA:456,0
DA:458,0
DA:459,0
DA:461,0
DA:466,0
DA:467,0
DA:468,0
DA:469,0
DA:472,0
DA:473,0
DA:474,0
DA:475,0
DA:476,0
DA:477,0
DA:478,0
DA:479,0
DA:480,0
DA:482,0
DA:484,0
DA:496,0
DA:498,0
DA:499,0
DA:500,0
DA:501,0
DA:502,0
DA:503,0
DA:504,0
DA:507,0
DA:512,0
DA:513,0
DA:518,0
DA:530,0
DA:655,0
DA:672,0
DA:681,0
DA:699,0
DA:715,0
DA:716,0
DA:717,0
DA:786,0
DA:795,0
DA:838,0
DA:847,0
DA:889,0
DA:1011,0
DA:1020,0
DA:1031,0
DA:1050,0
LF:228
LH:0
BRDA:135,0,0,0
BRDA:136,1,0,0
BRDA:154,2,0,0
BRDA:161,3,0,0
BRDA:161,3,1,0
BRDA:161,3,2,0
BRDA:161,3,3,0
BRDA:161,3,4,0
BRDA:161,3,5,0
BRDA:172,4,0,0
BRDA:172,4,1,0
BRDA:172,4,2,0
BRDA:172,4,3,0
BRDA:172,4,4,0
BRDA:172,4,5,0
BRDA:192,5,0,0
BRDA:192,5,1,0
BRDA:192,6,0,0
BRDA:192,6,1,0
BRDA:196,7,0,0
BRDA:196,7,1,0
BRDA:213,8,0,0
BRDA:226,9,0,0
BRDA:228,10,0,0
BRDA:229,11,0,0
BRDA:230,12,0,0
BRDA:230,13,0,0
BRDA:230,13,1,0
BRDA:254,14,0,0
BRDA:259,15,0,0
BRDA:264,16,0,0
BRDA:267,17,0,0
BRDA:267,17,1,0
BRDA:267,17,2,0
BRDA:267,17,3,0
BRDA:278,18,0,0
BRDA:278,18,1,0
BRDA:278,18,2,0
BRDA:278,18,3,0
BRDA:278,18,4,0
BRDA:295,19,0,0
BRDA:295,19,1,0
BRDA:311,20,0,0
BRDA:311,20,1,0
BRDA:313,21,0,0
BRDA:313,21,1,0
BRDA:313,21,2,0
BRDA:314,22,0,0
BRDA:314,22,1,0
BRDA:341,23,0,0
BRDA:341,23,1,0
BRDA:352,24,0,0
BRDA:352,24,1,0
BRDA:363,25,0,0
BRDA:363,25,1,0
BRDA:377,26,0,0
BRDA:377,26,1,0
BRDA:383,27,0,0
BRDA:383,27,1,0
BRDA:392,28,0,0
BRDA:392,28,1,0
BRDA:398,29,0,0
BRDA:398,29,1,0
BRDA:404,30,0,0
BRDA:409,31,0,0
BRDA:409,31,1,0
BRDA:415,32,0,0
BRDA:415,32,1,0
BRDA:421,33,0,0
BRDA:421,33,1,0
BRDA:423,34,0,0
BRDA:428,35,0,0
BRDA:437,36,0,0
BRDA:437,36,1,0
BRDA:444,37,0,0
BRDA:444,37,1,0
BRDA:444,37,2,0
BRDA:447,38,0,0
BRDA:452,39,0,0
BRDA:461,40,0,0
BRDA:461,40,1,0
BRDA:468,41,0,0
BRDA:468,41,1,0
BRDA:472,42,0,0
BRDA:472,42,1,0
BRDA:492,43,0,0
BRDA:492,43,1,0
BRDA:493,44,0,0
BRDA:493,44,1,0
BRDA:494,45,0,0
BRDA:494,45,1,0
BRDA:507,46,0,0
BRDA:507,46,1,0
BRDA:532,47,0,0
BRDA:532,47,1,0
BRDA:556,48,0,0
BRDA:556,48,1,0
BRDA:649,49,0,0
BRDA:649,49,1,0
BRDA:658,50,0,0
BRDA:658,50,1,0
BRDA:662,51,0,0
BRDA:662,51,1,0
BRDA:738,52,0,0
BRDA:738,52,1,0
BRDA:747,53,0,0
BRDA:747,53,1,0
BRDA:805,54,0,0
BRDA:805,54,1,0
BRDA:809,55,0,0
BRDA:809,55,1,0
BRDA:813,56,0,0
BRDA:813,56,1,0
BRDA:813,57,0,0
BRDA:813,57,1,0
BRDA:813,57,2,0
BRDA:862,58,0,0
BRDA:862,58,1,0
BRDA:878,59,0,0
BRDA:878,59,1,0
BRDA:878,60,0,0
BRDA:878,60,1,0
BRDA:880,61,0,0
BRDA:880,61,1,0
BRDA:891,62,0,0
BRDA:891,62,1,0
BRDA:901,63,0,0
BRDA:901,63,1,0
BRDA:904,64,0,0
BRDA:904,64,1,0
BRDA:939,65,0,0
BRDA:939,65,1,0
BRDA:948,66,0,0
BRDA:948,66,1,0
BRDA:960,67,0,0
BRDA:960,67,1,0
BRDA:964,68,0,0
BRDA:964,68,1,0
BRDA:970,69,0,0
BRDA:970,69,1,0
BRDA:980,70,0,0
BRDA:980,70,1,0
BRDA:986,71,0,0
BRDA:986,71,1,0
BRDA:997,72,0,0
BRDA:997,72,1,0
BRDA:1007,73,0,0
BRDA:1007,73,1,0
BRDA:1007,74,0,0
BRDA:1007,74,1,0
BRDA:1016,75,0,0
BRDA:1016,75,1,0
BRDA:1027,76,0,0
BRDA:1027,76,1,0
BRDA:1027,76,2,0
BRDA:1027,76,3,0
BRF:156
BRH:0
end_of_record
TN:
SF:src/renderer/Login.tsx
FN:10,Login
FN:13,(anonymous_1)
FN:19,(anonymous_2)
FN:77,(anonymous_3)
FN:81,(anonymous_4)
FNF:5
FNH:0
FNDA:0,Login
FNDA:0,(anonymous_1)
FNDA:0,(anonymous_2)
FNDA:0,(anonymous_3)
FNDA:0,(anonymous_4)
DA:1,0
DA:2,0
DA:3,0
DA:11,0
DA:13,0
DA:14,0
DA:15,0
DA:19,0
DA:20,0
DA:21,0
DA:24,0
DA:77,0
DA:81,0
DA:90,0
LF:14
LH:0
BRF:0
BRH:0
end_of_record
TN:
SF:src/renderer/MultiChainBalanceChecker.tsx
FN:12,MultiChainBalanceChecker
FN:18,(anonymous_1)
FN:54,(anonymous_2)
FN:59,(anonymous_3)
FN:108,(anonymous_4)
FN:157,(anonymous_5)
FN:161,(anonymous_6)
FNF:7
FNH:0
FNDA:0,MultiChainBalanceChecker
FNDA:0,(anonymous_1)
FNDA:0,(anonymous_2)
FNDA:0,(anonymous_3)
FNDA:0,(anonymous_4)
FNDA:0,(anonymous_5)
FNDA:0,(anonymous_6)
DA:1,0
DA:2,0
DA:3,0
DA:4,0
DA:5,0
DA:6,0
DA:8,0
DA:13,0
DA:14,0
DA:15,0
DA:16,0
DA:18,0
DA:19,0
DA:20,0
DA:21,0
DA:24,0
DA:25,0
DA:27,0
DA:28,0
DA:30,0
DA:32,0
DA:33,0
DA:35,0
DA:36,0
DA:38,0
DA:43,0
DA:54,0
DA:55,0
DA:56,0
DA:59,0
DA:60,0
DA:61,0
DA:62,0
DA:65,0
DA:80,0
DA:82,0
DA:108,0
DA:158,0
DA:161,0
DA:192,0
LF:40
LH:0
BRDA:19,0,0,0
BRDA:27,1,0,0
BRDA:27,1,1,0
BRDA:35,2,0,0
BRDA:35,2,1,0
BRDA:130,3,0,0
BRDA:130,3,1,0
BRDA:140,4,0,0
BRDA:140,4,1,0
BRF:9
BRH:0
end_of_record
TN:
SF:src/renderer/WalletList.tsx
FN:17,WalletList
FN:85,(anonymous_1)
FN:96,(anonymous_2)
FN:112,(anonymous_3)
FN:113,(anonymous_4)
FN:123,(anonymous_5)
FN:124,(anonymous_6)
FN:152,(anonymous_7)
FNF:8
FNH:0
FNDA:0,WalletList
FNDA:0,(anonymous_1)
FNDA:0,(anonymous_2)
FNDA:0,(anonymous_3)
FNDA:0,(anonymous_4)
FNDA:0,(anonymous_5)
FNDA:0,(anonymous_6)
FNDA:0,(anonymous_7)
DA:1,0
DA:2,0
DA:4,0
DA:6,0
DA:19,0
DA:79,0
DA:86,0
DA:97,0
DA:112,0
DA:114,0
DA:115,0
DA:123,0
DA:125,0
DA:133,0
DA:152,0
DA:163,0
LF:16
LH:0
BRDA:114,0,0,0
BRDA:114,0,1,0
BRF:2
BRH:0
end_of_record
TN:
SF:src/renderer/WalletListManager.tsx
FN:40,WalletListManager
FN:54,(anonymous_2)
FN:75,(anonymous_3)
FN:80,(anonymous_4)
FN:110,(anonymous_5)
FN:117,(anonymous_6)
FN:123,(anonymous_7)
FN:124,(anonymous_8)
FN:125,(anonymous_9)
FN:135,(anonymous_10)
FN:136,(anonymous_11)
FN:144,(anonymous_12)
FN:145,(anonymous_13)
FN:150,(anonymous_14)
FN:151,(anonymous_15)
FN:158,(anonymous_16)
FN:172,(anonymous_17)
FN:179,(anonymous_18)
FN:202,(anonymous_19)
FN:214,(anonymous_20)
FN:242,(anonymous_21)
FN:243,(anonymous_22)
FN:251,(anonymous_23)
FN:270,(anonymous_24)
FN:281,(anonymous_25)
FN:294,(anonymous_26)
FN:295,(anonymous_27)
FN:302,(anonymous_28)
FN:309,(anonymous_29)
FN:315,(anonymous_30)
FN:368,(anonymous_31)
FN:379,(anonymous_32)
FN:407,(anonymous_33)
FN:412,(anonymous_34)
FN:413,(anonymous_35)
FN:434,(anonymous_36)
FN:439,(anonymous_37)
FN:440,(anonymous_38)
FN:461,(anonymous_39)
FN:464,(anonymous_40)
FN:466,(anonymous_41)
FN:494,(anonymous_42)
FN:507,(anonymous_43)
FN:560,(anonymous_44)
FN:639,(anonymous_45)
FNF:45
FNH:0
FNDA:0,WalletListManager
FNDA:0,(anonymous_2)
FNDA:0,(anonymous_3)
FNDA:0,(anonymous_4)
FNDA:0,(anonymous_5)
FNDA:0,(anonymous_6)
FNDA:0,(anonymous_7)
FNDA:0,(anonymous_8)
FNDA:0,(anonymous_9)
FNDA:0,(anonymous_10)
FNDA:0,(anonymous_11)
FNDA:0,(anonymous_12)
FNDA:0,(anonymous_13)
FNDA:0,(anonymous_14)
FNDA:0,(anonymous_15)
FNDA:0,(anonymous_16)
FNDA:0,(anonymous_17)
FNDA:0,(anonymous_18)
FNDA:0,(anonymous_19)
FNDA:0,(anonymous_20)
FNDA:0,(anonymous_21)
FNDA:0,(anonymous_22)
FNDA:0,(anonymous_23)
FNDA:0,(anonymous_24)
FNDA:0,(anonymous_25)
FNDA:0,(anonymous_26)
FNDA:0,(anonymous_27)
FNDA:0,(anonymous_28)
FNDA:0,(anonymous_29)
FNDA:0,(anonymous_30)
FNDA:0,(anonymous_31)
FNDA:0,(anonymous_32)
FNDA:0,(anonymous_33)
FNDA:0,(anonymous_34)
FNDA:0,(anonymous_35)
FNDA:0,(anonymous_36)
FNDA:0,(anonymous_37)
FNDA:0,(anonymous_38)
FNDA:0,(anonymous_39)
FNDA:0,(anonymous_40)
FNDA:0,(anonymous_41)
FNDA:0,(anonymous_42)
FNDA:0,(anonymous_43)
FNDA:0,(anonymous_44)
FNDA:0,(anonymous_45)
DA:1,0
DA:2,0
DA:19,0
DA:30,0
DA:31,0
DA:33,0
DA:41,0
DA:42,0
DA:43,0
DA:44,0
DA:45,0
DA:46,0
DA:47,0
DA:54,0
DA:55,0
DA:56,0
DA:57,0
DA:59,0
DA:60,0
DA:61,0
DA:62,0
DA:65,0
DA:68,0
DA:70,0
DA:75,0
DA:76,0
DA:80,0
DA:81,0
DA:82,0
DA:84,0
DA:89,0
DA:91,0
DA:96,0
DA:97,0
DA:100,0
DA:103,0
DA:105,0
DA:110,0
DA:111,0
DA:112,0
DA:113,0
DA:117,0
DA:118,0
DA:119,0
DA:123,0
DA:124,0
DA:125,0
DA:128,0
DA:129,0
DA:134,0
DA:135,0
DA:136,0
DA:137,0
DA:142,0
DA:144,0
DA:145,0
DA:147,0
DA:150,0
DA:151,0
DA:153,0
DA:158,0
DA:159,0
DA:160,0
DA:161,0
DA:163,0
DA:164,0
DA:165,0
DA:166,0
DA:168,0
DA:169,0
DA:172,0
DA:175,0
DA:179,0
DA:180,0
DA:181,0
DA:183,0
DA:184,0
DA:185,0
DA:187,0
DA:190,0
DA:195,0
DA:203,0
DA:215,0
DA:242,0
DA:244,0
DA:252,0
DA:270,0
DA:281,0
DA:294,0
DA:295,0
DA:303,0
DA:309,0
DA:315,0
DA:329,0
DA:368,0
DA:379,0
DA:407,0
DA:412,0
DA:413,0
DA:434,0
DA:439,0
DA:440,0
DA:461,0
DA:464,0
DA:466,0
DA:494,0
DA:508,0
DA:509,0
DA:510,0
DA:560,0
DA:639,0
DA:646,0
LF:112
LH:0
BRDA:59,0,0,0
BRDA:59,0,1,0
BRDA:59,1,0,0
BRDA:59,1,1,0
BRDA:61,2,0,0
BRDA:65,3,0,0
BRDA:65,3,1,0
BRDA:89,4,0,0
BRDA:89,4,1,0
BRDA:89,5,0,0
BRDA:89,5,1,0
BRDA:100,6,0,0
BRDA:100,6,1,0
BRDA:125,7,0,0
BRDA:125,7,1,0
BRDA:134,8,0,0
BRDA:134,8,1,0
BRDA:134,9,0,0
BRDA:134,9,1,0
BRDA:137,10,0,0
BRDA:137,10,1,0
BRDA:145,11,0,0
BRDA:145,11,1,0
BRDA:147,12,0,0
BRDA:147,12,1,0
BRDA:151,13,0,0
BRDA:151,13,1,0
BRDA:183,14,0,0
BRDA:183,14,1,0
BRDA:187,15,0,0
BRDA:187,15,1,0
BRDA:244,16,0,0
BRDA:244,16,1,0
BRDA:253,17,0,0
BRDA:253,17,1,0
BRDA:258,18,0,0
BRDA:258,18,1,0
BRDA:263,19,0,0
BRDA:263,19,1,0
BRDA:391,20,0,0
BRDA:391,20,1,0
BRDA:412,21,0,0
BRDA:412,21,1,0
BRDA:413,22,0,0
BRDA:413,22,1,0
BRDA:439,23,0,0
BRDA:439,23,1,0
BRDA:440,24,0,0
BRDA:440,24,1,0
BRDA:464,25,0,0
BRDA:464,25,1,0
BRDA:474,26,0,0
BRDA:474,26,1,0
BRDA:474,26,2,0
BRDA:515,27,0,0
BRDA:515,27,1,0
BRDA:602,28,0,0
BRDA:602,28,1,0
BRF:58
BRH:0
end_of_record
TN:
SF:src/shared/bscUtils.ts
FN:14,getBSCBalance
FN:62,getBSCBalanceBatch
FN:68,(anonymous_2)
FN:88,formatBalance
FNF:4
FNH:0
FNDA:0,getBSCBalance
FNDA:0,getBSCBalanceBatch
FNDA:0,(anonymous_2)
FNDA:0,formatBalance
DA:1,0
DA:6,0
DA:14,0
DA:15,0
DA:17,0
DA:18,0
DA:22,0
DA:23,0
DA:27,0
DA:30,0
DA:33,0
DA:35,0
DA:38,0
DA:39,0
DA:43,0
DA:44,0
DA:48,0
DA:49,0
DA:53,0
DA:62,0
DA:65,0
DA:68,0
DA:69,0
DA:70,0
DA:71,0
DA:73,0
DA:74,0
DA:78,0
DA:79,0
DA:88,0
DA:89,0
DA:90,0
DA:91,0
DA:93,0
LF:34
LH:0
BRDA:17,0,0,0
BRDA:17,1,0,0
BRDA:17,1,1,0
BRDA:22,2,0,0
BRDA:38,3,0,0
BRDA:38,4,0,0
BRDA:38,4,1,0
BRDA:43,5,0,0
BRDA:43,6,0,0
BRDA:43,6,1,0
BRDA:48,7,0,0
BRDA:53,8,0,0
BRDA:53,8,1,0
BRDA:88,9,0,0
BRF:14
BRH:0
end_of_record
TN:
SF:src/shared/constants.ts
FNF:0
FNH:0
DA:2,0
DA:3,0
DA:6,0
DA:20,0
DA:27,0
LF:5
LH:0
BRF:0
BRH:0
end_of_record
TN:
SF:src/shared/cryptoUtils.ts
FN:15,encrypt
FN:62,decrypt
FN:115,generateRandomPassword
FN:125,validatePasswordStrength
FN:150,hashPassword
FN:160,verifyPasswordHash
FN:171,encryptObject
FN:186,decryptObject
FNF:8
FNH:0
FNDA:0,encrypt
FNDA:0,decrypt
FNDA:0,generateRandomPassword
FNDA:0,validatePasswordStrength
FNDA:0,hashPassword
FNDA:0,verifyPasswordHash
FNDA:0,encryptObject
FNDA:0,decryptObject
DA:1,0
DA:15,0
DA:16,0
DA:17,0
DA:18,0
DA:20,0
DA:21,0
DA:25,0
DA:28,0
DA:34,0
DA:37,0
DA:44,0
DA:49,0
DA:51,0
DA:52,0
DA:62,0
DA:63,0
DA:64,0
DA:65,0
DA:67,0
DA:68,0
DA:72,0
DA:75,0
DA:76,0
DA:77,0
DA:80,0
DA:86,0
DA:91,0
DA:97,0
DA:99,0
DA:100,0
DA:103,0
DA:105,0
DA:106,0
DA:115,0
DA:116,0
DA:117,0
DA:125,0
DA:129,0
DA:131,0
DA:132,0
DA:133,0
DA:134,0
DA:135,0
DA:137,0
DA:139,0
DA:150,0
DA:151,0
DA:160,0
DA:161,0
DA:162,0
DA:171,0
DA:172,0
DA:173,0
DA:174,0
DA:176,0
DA:186,0
DA:187,0
DA:188,0
DA:189,0
DA:191,0
LF:61
LH:0
BRDA:17,0,0,0
BRDA:20,1,0,0
BRDA:64,2,0,0
BRDA:67,3,0,0
BRDA:99,4,0,0
BRDA:115,5,0,0
BRDA:131,6,0,0
BRDA:132,7,0,0
BRDA:133,8,0,0
BRDA:133,9,0,0
BRDA:133,9,1,0
BRDA:134,10,0,0
BRDA:135,11,0,0
BRF:13
BRH:0
end_of_record
TN:
SF:src/shared/solanaUtils.ts
FN:14,getSolanaBalance
FN:75,getSolanaBalanceBatch
FN:102,(anonymous_2)
FN:105,(anonymous_3)
FN:136,formatSolanaBalance
FN:150,isValidSolanaAddress
FNF:6
FNH:0
FNDA:0,getSolanaBalance
FNDA:0,getSolanaBalanceBatch
FNDA:0,(anonymous_2)
FNDA:0,(anonymous_3)
FNDA:0,formatSolanaBalance
FNDA:0,isValidSolanaAddress
DA:1,0
DA:6,0
DA:14,0
DA:15,0
DA:17,0
DA:18,0
DA:22,0
DA:23,0
DA:27,0
DA:31,0
DA:32,0
DA:34,0
DA:38,0
DA:41,0
DA:44,0
DA:47,0
DA:48,0
DA:52,0
DA:53,0
DA:57,0
DA:58,0
DA:61,0
DA:62,0
DA:66,0
DA:75,0
DA:78,0
DA:80,0
DA:81,0
DA:85,0
DA:88,0
DA:90,0
DA:91,0
DA:92,0
DA:93,0
DA:95,0
DA:96,0
DA:101,0
DA:102,0
DA:103,0
DA:105,0
DA:106,0
DA:107,0
DA:108,0
DA:109,0
DA:111,0
DA:115,0
DA:117,0
DA:118,0
DA:119,0
DA:120,0
DA:122,0
DA:127,0
DA:136,0
DA:137,0
DA:138,0
DA:139,0
DA:141,0
DA:150,0
DA:151,0
DA:152,0
DA:153,0
DA:155,0
LF:62
LH:0
BRDA:17,0,0,0
BRDA:17,1,0,0
BRDA:17,1,1,0
BRDA:22,2,0,0
BRDA:22,3,0,0
BRDA:22,3,1,0
BRDA:47,4,0,0
BRDA:47,5,0,0
BRDA:47,5,1,0
BRDA:52,6,0,0
BRDA:52,7,0,0
BRDA:52,7,1,0
BRDA:57,8,0,0
BRDA:61,9,0,0
BRDA:61,10,0,0
BRDA:61,10,1,0
BRDA:66,11,0,0
BRDA:66,11,1,0
BRDA:80,12,0,0
BRDA:80,13,0,0
BRDA:80,13,1,0
BRDA:107,14,0,0
BRDA:107,14,1,0
BRDA:136,15,0,0
BRF:24
BRH:0
end_of_record
TN:
SF:src/shared/transferUtils.ts
FN:42,transferBSC
FN:107,transferSolana
FN:184,batchTransferBSC
FN:200,(anonymous_3)
FN:210,batchTransferSolana
FN:226,(anonymous_5)
FN:236,estimateBSCGasFee
FN:254,estimateSolanaFee
FN:270,validateTransferConfig
FNF:9
FNH:0
FNDA:0,transferBSC
FNDA:0,transferSolana
FNDA:0,batchTransferBSC
FNDA:0,(anonymous_3)
FNDA:0,batchTransferSolana
FNDA:0,(anonymous_5)
FNDA:0,estimateBSCGasFee
FNDA:0,estimateSolanaFee
FNDA:0,validateTransferConfig
DA:1,0
DA:2,0
DA:42,0
DA:43,0
DA:45,0
DA:46,0
DA:50,0
DA:51,0
DA:52,0
DA:56,0
DA:57,0
DA:60,0
DA:61,0
DA:65,0
DA:66,0
DA:68,0
DA:69,0
DA:73,0
DA:78,0
DA:81,0
DA:83,0
DA:84,0
DA:87,0
DA:94,0
DA:95,0
DA:107,0
DA:108,0
DA:110,0
DA:113,0
DA:114,0
DA:117,0
DA:118,0
DA:123,0
DA:124,0
DA:126,0
DA:130,0
DA:131,0
DA:132,0
DA:136,0
DA:137,0
DA:139,0
DA:140,0
DA:144,0
DA:153,0
DA:162,0
DA:164,0
DA:171,0
DA:172,0
DA:184,0
DA:185,0
DA:187,0
DA:188,0
DA:196,0
DA:199,0
DA:200,0
DA:204,0
DA:210,0
DA:211,0
DA:213,0
DA:214,0
DA:222,0
DA:225,0
DA:226,0
DA:230,0
DA:236,0
DA:237,0
DA:238,0
DA:239,0
DA:240,0
DA:241,0
DA:243,0
DA:244,0
DA:246,0
DA:247,0
DA:254,0
DA:255,0
DA:256,0
DA:257,0
DA:260,0
DA:262,0
DA:263,0
DA:270,0
DA:272,0
DA:273,0
DA:274,0
DA:278,0
DA:279,0
DA:280,0
DA:282,0
DA:283,0
DA:284,0
DA:285,0
DA:287,0
DA:292,0
DA:293,0
DA:296,0
LF:96
LH:0
BRDA:45,0,0,0
BRDA:45,1,0,0
BRDA:45,1,1,0
BRDA:51,2,0,0
BRDA:60,3,0,0
BRDA:68,4,0,0
BRDA:83,5,0,0
BRDA:83,6,0,0
BRDA:83,6,1,0
BRDA:97,7,0,0
BRDA:97,7,1,0
BRDA:117,8,0,0
BRDA:131,9,0,0
BRDA:139,10,0,0
BRDA:174,11,0,0
BRDA:174,11,1,0
BRDA:199,12,0,0
BRDA:225,13,0,0
BRDA:240,14,0,0
BRDA:240,14,1,0
BRDA:273,15,0,0
BRDA:273,16,0,0
BRDA:273,16,1,0
BRDA:278,17,0,0
BRDA:278,17,1,0
BRDA:279,18,0,0
BRDA:279,19,0,0
BRDA:279,19,1,0
BRDA:282,20,0,0
BRDA:292,21,0,0
BRF:30
BRH:0
end_of_record
TN:
SF:src/tests/quick-test.ts
FN:9,runTests
FN:206,(anonymous_1)
FN:260,(anonymous_2)
FN:295,(anonymous_3)
FNF:4
FNH:0
FNDA:0,runTests
FNDA:0,(anonymous_1)
FNDA:0,(anonymous_2)
FNDA:0,(anonymous_3)
DA:6,0
DA:7,0
DA:10,0
DA:12,0
DA:13,0
DA:16,0
DA:17,0
DA:18,0
DA:19,0
DA:21,0
DA:22,0
DA:23,0
DA:24,0
DA:26,0
DA:27,0
DA:28,0
DA:30,0
DA:31,0
DA:35,0
DA:36,0
DA:37,0
DA:38,0
DA:40,0
DA:41,0
DA:42,0
DA:44,0
DA:46,0
DA:47,0
DA:48,0
DA:50,0
DA:51,0
DA:55,0
DA:56,0
DA:57,0
DA:58,0
DA:60,0
DA:61,0
DA:63,0
DA:66,0
DA:67,0
DA:68,0
DA:70,0
DA:74,0
DA:75,0
DA:76,0
DA:78,0
DA:79,0
DA:83,0
DA:84,0
DA:85,0
DA:86,0
DA:88,0
DA:90,0
DA:91,0
DA:94,0
DA:95,0
DA:96,0
DA:98,0
DA:99,0
DA:103,0
DA:104,0
DA:105,0
DA:106,0
DA:108,0
DA:115,0
DA:116,0
DA:118,0
DA:119,0
DA:121,0
DA:122,0
DA:126,0
DA:127,0
DA:128,0
DA:131,0
DA:133,0
DA:140,0
DA:141,0
DA:144,0
DA:145,0
DA:146,0
DA:148,0
DA:149,0
DA:153,0
DA:154,0
DA:155,0
DA:156,0
DA:158,0
DA:165,0
DA:172,0
DA:173,0
DA:176,0
DA:183,0
DA:184,0
DA:187,0
DA:188,0
DA:189,0
DA:190,0
DA:192,0
DA:193,0
DA:197,0
DA:198,0
DA:199,0
DA:206,0
DA:207,0
DA:208,0
DA:209,0
DA:210,0
DA:214,0
DA:215,0
DA:217,0
DA:218,0
DA:222,0
DA:223,0
DA:224,0
DA:227,0
DA:228,0
DA:230,0
DA:231,0
DA:235,0
DA:236,0
DA:238,0
DA:239,0
DA:242,0
DA:243,0
DA:245,0
DA:246,0
DA:250,0
DA:251,0
DA:252,0
DA:254,0
DA:260,0
DA:261,0
DA:262,0
DA:263,0
DA:264,0
DA:268,0
DA:269,0
DA:271,0
DA:272,0
DA:276,0
DA:277,0
DA:278,0
DA:279,0
DA:280,0
DA:281,0
DA:282,0
DA:283,0
DA:285,0
DA:286,0
DA:287,0
DA:289,0
DA:290,0
DA:295,0
DA:296,0
DA:297,0
LF:155
LH:0
BRDA:21,0,0,0
BRDA:22,1,0,0
BRDA:23,2,0,0
BRDA:24,3,0,0
BRDA:40,4,0,0
BRDA:41,5,0,0
BRDA:41,6,0,0
BRDA:41,6,1,0
BRDA:44,7,0,0
BRDA:63,8,0,0
BRDA:70,9,0,0
BRDA:90,10,0,0
BRDA:115,11,0,0
BRDA:116,12,0,0
BRDA:140,13,0,0
BRDA:172,14,0,0
BRDA:173,15,0,0
BRDA:183,16,0,0
BRDA:209,17,0,0
BRDA:227,18,0,0
BRDA:230,19,0,0
BRDA:235,20,0,0
BRDA:238,21,0,0
BRDA:263,22,0,0
BRDA:285,23,0,0
BRDA:285,23,1,0
BRF:26
BRH:0
end_of_record
